2026-07-05 21:27:07,302 WARNING [backend.app.services.external_camera] [0576940c] Snapshot does not appear to be JPEG
2026-07-05 21:27:07,383 WARNING [backend.app.services.external_camera] [0576940c] Snapshot does not appear to be JPEG
2026-07-05 21:27:07,463 WARNING [backend.app.services.external_camera] [0576940c] Snapshot does not appear to be JPEG
2026-07-05 21:27:07,539 WARNING [backend.app.services.external_camera] [0576940c] Snapshot does not appear to be JPEG
2026-07-05 21:27:07,614 WARNING [backend.app.services.external_camera] [0576940c] Snapshot does not appear to be JPEG
2026-07-05 21:27:07,693 WARNING [backend.app.services.external_camera] [0576940c] Snapshot does not appear to be JPEG
2026-07-05 21:27:07,791 WARNING [backend.app.services.external_camera] [0576940c] Snapshot does not appear to be JPEG
2026-07-05 21:27:07,867 WARNING [backend.app.services.external_camera] [0576940c] Snapshot does not appear to be JPEG
2026-07-05 21:27:07,942 WARNING [backend.app.services.external_camera] [0576940c] Snapshot does not appear to be JPEG
2026-07-05 21:27:08,018 WARNING [backend.app.services.external_camera] [0576940c] Snapshot does not appear to be JPEG
2026-07-05 21:27:08,098 WARNING [backend.app.services.external_camera] [0576940c] Snapshot does not appear to be JPEG
2026-07-05 21:27:08,173 WARNING [backend.app.services.external_camera] [0576940c] Snapshot does not appear to be JPEG
2026-07-05 21:27:08,249 WARNING [backend.app.services.external_camera] [0576940c] Snapshot does not appear to be JPEG
2026-07-05 21:27:08,322 WARNING [backend.app.services.external_camera] [0576940c] Snapshot does not appear to be JPEG
2026-07-05 21:27:08,408 WARNING [backend.app.services.external_camera] [0576940c] Snapshot does not appear to be JPEG
2026-07-05 21:27:08,487 WARNING [backend.app.services.external_camera] [0576940c] Snapshot does not appear to be JPEG
2026-07-05 21:27:08,560 WARNING [backend.app.services.external_camera] [0576940c] Snapshot does not appear to be JPEG
2026-07-05 21:27:08,637 WARNING [backend.app.services.external_camera] [0576940c] Snapshot does not appear to be JPEG
2026-07-05 21:27:08,717 WARNING [backend.app.services.external_camera] [0576940c] Snapshot does not appear to be JPEG
2026-07-05 21:27:08,793 WARNING [backend.app.services.external_camera] [0576940c] Snapshot does not appear to be JPEG
2026-07-05 21:27:08,869 WARNING [backend.app.services.external_camera] [0576940c] Snapshot does not appear to be JPEG
2026-07-05 21:27:08,945 WARNING [backend.app.services.external_camera] [0576940c] Snapshot does not appear to be JPEG
2026-07-05 21:27:09,027 WARNING [backend.app.services.external_camera] [0576940c] Snapshot does not appear to be JPEG
2026-07-05 21:27:09,099 WARNING [backend.app.services.external_camera] [0576940c] Snapshot does not appear to be JPEG
2026-07-05 21:27:09,174 WARNING [backend.app.services.external_camera] [0576940c] Snapshot does not appear to be JPEG
2026-07-05 21:27:09,251 WARNING [backend.app.services.external_camera] [0576940c] Snapshot does not appear to be JPEG
2026-07-05 21:27:09,332 WARNING [backend.app.services.external_camera] [0576940c] Snapshot does not appear to be JPEG
2026-07-05 21:27:09,406 WARNING [backend.app.services.external_camera] [0576940c] Snapshot does not appear to be JPEG
2026-07-05 21:27:09,483 WARNING [backend.app.services.external_camera] [0576940c] Snapshot does not appear to be JPEG
2026-07-05 21:27:09,558 WARNING [backend.app.services.external_camera] [0576940c] Snapshot does not appear to be JPEG
2026-07-05 21:27:09,639 WARNING [backend.app.services.external_camera] [0576940c] Snapshot does not appear to be JPEG
2026-07-05 21:27:09,714 WARNING [backend.app.services.external_camera] [0576940c] Snapshot does not appear to be JPEG
2026-07-05 21:27:09,791 WARNING [backend.app.services.external_camera] [0576940c] Snapshot does not appear to be JPEG
2026-07-05 21:27:09,868 WARNING [backend.app.services.external_camera] [0576940c] Snapshot does not appear to be JPEG
2026-07-05 21:27:09,952 WARNING [backend.app.services.external_camera] [0576940c] Snapshot does not appear to be JPEG
2026-07-05 21:27:10,046 WARNING [backend.app.services.external_camera] [0576940c] Snapshot does not appear to be JPEG
2026-07-05 21:27:10,123 WARNING [backend.app.services.external_camera] [0576940c] Snapshot does not appear to be JPEG
2026-07-05 21:27:10,200 WARNING [backend.app.services.external_camera] [0576940c] Snapshot does not appear to be JPEG
2026-07-05 21:27:10,278 WARNING [backend.app.services.external_camera] [0576940c] Snapshot does not appear to be JPEG
2026-07-05 21:27:10,365 WARNING [backend.app.services.external_camera] [0576940c] Snapshot does not appear to be JPEG
2026-07-05 21:27:10,458 WARNING [backend.app.services.external_camera] [0576940c] Snapshot does not appear to be JPEG
2026-07-05 21:27:10,534 WARNING [backend.app.services.external_camera] [0576940c] Snapshot does not appear to be JPEG
2026-07-05 21:27:10,610 WARNING [backend.app.services.external_camera] [0576940c] Snapshot does not appear to be JPEG
2026-07-05 21:27:10,689 WARNING [backend.app.services.external_camera] [0576940c] Snapshot does not appear to be JPEG
2026-07-05 21:27:10,771 WARNING [backend.app.services.external_camera] [0576940c] Snapshot does not appear to be JPEG
2026-07-05 21:27:10,856 WARNING [backend.app.services.external_camera] [0576940c] Snapshot does not appear to be JPEG
2026-07-05 21:27:10,898 INFO [backend.app.api.routes.support] [bfc7d3b3] Log level changed to DEBUG
2026-07-05 21:27:10,898 INFO [backend.app.api.routes.bug_report] [bfc7d3b3] Bug report: enabled debug logging
2026-07-05 21:27:10,898 DEBUG [backend.app.services.bambu_mqtt] [bfc7d3b3] [[SERIAL]] Requesting status update (pushall)
2026-07-05 21:27:10,898 INFO [uvicorn.access] [-] [IP]:14179 - "POST /api/v1/bug-report/start-logging HTTP/1.1" 200
2026-07-05 21:27:10,931 WARNING [backend.app.services.external_camera] [0576940c] Snapshot does not appear to be JPEG
2026-07-05 21:27:10,959 DEBUG [backend.app.services.bambu_mqtt] [-] [[SERIAL]] Found xcam inside print data: {'buildplate_marker_detector': True}
2026-07-05 21:27:10,959 DEBUG [backend.app.services.bambu_mqtt] [-] [[SERIAL]] Parsing xcam data - all fields: ['buildplate_marker_detector']
2026-07-05 21:27:10,959 DEBUG [backend.app.services.bambu_mqtt] [-] [[SERIAL]] Received gcode_state: RUNNING, gcode_file: obj_1_USB Holder V2 v2_plate_1.3mf, subtask_name: obj_1_USB Holder V2 v2_plate_1
2026-07-05 21:27:10,959 DEBUG [backend.app.services.bambu_mqtt] [-] [[SERIAL]] AMS dict fields: {'ams_exist_bits': '1', 'tray_exist_bits': 'f', 'tray_is_bbl_bits': 'f', 'tray_tar': '1', 'tray_now': '1', 'tray_pre': '1', 'tray_read_done_bits': 'f', 'tray_reading_bits': '0', 'version': 28, 'insert_flag': True, 'power_on_flag': False}
2026-07-05 21:27:10,959 DEBUG [backend.app.services.bambu_mqtt] [-] [[SERIAL]] tray_now updated: 1
2026-07-05 21:27:10,959 DEBUG [backend.app.services.bambu_mqtt] [-] [[SERIAL]] Merged AMS data: 1 new units, 1 total
2026-07-05 21:27:10,959 DEBUG [backend.app.services.bambu_mqtt] [-] [[SERIAL]] AMS 0 info=0x1002 -> extruder 0
2026-07-05 21:27:10,959 DEBUG [backend.app.services.bambu_mqtt] [-] [[SERIAL]] ams_extruder_map: {'0': 0}
2026-07-05 21:27:10,959 DEBUG [backend.app.services.bambu_mqtt] [-] [[SERIAL]] ams_status: 768 (main=3, sub=0)
2026-07-05 21:27:10,959 DEBUG [backend.app.services.bambu_mqtt] [-] [[SERIAL]] Received command response: push_status
2026-07-05 21:27:10,960 DEBUG [backend.app.services.bambu_mqtt] [-] [[SERIAL]] chamber_temper raw value: 5.0
2026-07-05 21:27:10,960 DEBUG [backend.app.services.bambu_mqtt] [-] [[SERIAL]] chamber_temper direct value: 5.0°C (heater OFF)
2026-07-05 21:27:10,960 DEBUG [backend.app.services.bambu_mqtt] [-] [[SERIAL]] Chamber heating calculated: target=0.0, current=5.0, heating=False, respect_local=False
2026-07-05 21:27:10,960 DEBUG [backend.app.services.bambu_mqtt] [-] [[SERIAL]] Chamber temp updated to: 5.0, target: 0.0, heating: False
2026-07-05 21:27:10,960 DEBUG [backend.app.services.bambu_mqtt] [-] [[SERIAL]] HMS data received: []
2026-07-05 21:27:10,960 DEBUG [backend.app.services.bambu_mqtt] [-] [[SERIAL]] ipcam field: {'ipcam_dev': '1', 'ipcam_record': 'enable', 'timelapse': 'disable', 'resolution': '1080p', 'tutk_server': 'disable', 'mode_bits': 3}
2026-07-05 21:27:10,960 DEBUG [backend.app.services.bambu_mqtt] [-] [[SERIAL]] wifi_signal received: -52dBm
2026-07-05 21:27:10,960 DEBUG [backend.app.services.bambu_mqtt] [-] [[SERIAL]] lights_report: [{'node': 'chamber_light', 'mode': 'off'}]
2026-07-05 21:27:10,960 DEBUG [backend.app.services.bambu_mqtt] [-] [[SERIAL]] gcode_state: RUNNING -> RUNNING, file: obj_1_USB Holder V2 v2_plate_1.3mf, subtask: obj_1_USB Holder V2 v2_plate_1
2026-07-05 21:27:11,004 WARNING [backend.app.services.external_camera] [0576940c] Snapshot does not appear to be JPEG
2026-07-05 21:27:11,077 WARNING [backend.app.services.external_camera] [0576940c] Snapshot does not appear to be JPEG
2026-07-05 21:27:11,165 WARNING [backend.app.services.external_camera] [0576940c] Snapshot does not appear to be JPEG
2026-07-05 21:27:11,245 WARNING [backend.app.services.external_camera] [0576940c] Snapshot does not appear to be JPEG
2026-07-05 21:27:11,322 WARNING [backend.app.services.external_camera] [0576940c] Snapshot does not appear to be JPEG
2026-07-05 21:27:11,400 WARNING [backend.app.services.external_camera] [0576940c] Snapshot does not appear to be JPEG
2026-07-05 21:27:11,506 WARNING [backend.app.services.external_camera] [0576940c] Snapshot does not appear to be JPEG
2026-07-05 21:27:11,589 WARNING [backend.app.services.external_camera] [0576940c] Snapshot does not appear to be JPEG
2026-07-05 21:27:11,685 WARNING [backend.app.services.external_camera] [0576940c] Snapshot does not appear to be JPEG
2026-07-05 21:27:11,762 WARNING [backend.app.services.external_camera] [0576940c] Snapshot does not appear to be JPEG
2026-07-05 21:27:11,838 WARNING [backend.app.services.external_camera] [0576940c] Snapshot does not appear to be JPEG
2026-07-05 21:27:11,913 WARNING [backend.app.services.external_camera] [0576940c] Snapshot does not appear to be JPEG
2026-07-05 21:27:11,995 WARNING [backend.app.services.external_camera] [0576940c] Snapshot does not appear to be JPEG
2026-07-05 21:27:12,071 WARNING [backend.app.services.external_camera] [0576940c] Snapshot does not appear to be JPEG
2026-07-05 21:27:12,147 WARNING [backend.app.services.external_camera] [0576940c] Snapshot does not appear to be JPEG
2026-07-05 21:27:12,222 WARNING [backend.app.services.external_camera] [0576940c] Snapshot does not appear to be JPEG
2026-07-05 21:27:12,362 WARNING [backend.app.services.external_camera] [0576940c] Snapshot does not appear to be JPEG
2026-07-05 21:27:12,445 WARNING [backend.app.services.external_camera] [0576940c] Snapshot does not appear to be JPEG
2026-07-05 21:27:12,525 WARNING [backend.app.services.external_camera] [0576940c] Snapshot does not appear to be JPEG
2026-07-05 21:27:12,610 WARNING [backend.app.services.external_camera] [0576940c] Snapshot does not appear to be JPEG
2026-07-05 21:27:12,697 WARNING [backend.app.services.external_camera] [0576940c] Snapshot does not appear to be JPEG
2026-07-05 21:27:12,774 WARNING [backend.app.services.external_camera] [0576940c] Snapshot does not appear to be JPEG
2026-07-05 21:27:12,851 WARNING [backend.app.services.external_camera] [0576940c] Snapshot does not appear to be JPEG
2026-07-05 21:27:12,927 WARNING [backend.app.services.external_camera] [0576940c] Snapshot does not appear to be JPEG
2026-07-05 21:27:13,006 WARNING [backend.app.services.external_camera] [0576940c] Snapshot does not appear to be JPEG
2026-07-05 21:27:13,009 DEBUG [backend.app.services.bambu_mqtt] [-] [[SERIAL]] Received command response: push_status
2026-07-05 21:27:13,009 DEBUG [backend.app.services.bambu_mqtt] [-] [[SERIAL]] wifi_signal received: -50dBm
2026-07-05 21:27:13,083 WARNING [backend.app.services.external_camera] [0576940c] Snapshot does not appear to be JPEG
2026-07-05 21:27:13,146 INFO [backend.app.api.routes.camera] [659e7c00] Stopped 0 camera stream(s) for printer 1
2026-07-05 21:27:13,146 INFO [uvicorn.access] [-] [IP]:6783 - "POST /api/v1/printers/1/camera/stop HTTP/1.1" 200
2026-07-05 21:27:13,148 INFO [backend.app.api.routes.camera] [0576940c] External camera stream ended for printer 1
2026-07-05 21:27:13,320 INFO [backend.app.api.routes.camera] [0af3066a] Using external camera (snapshot) for printer 1 at 15 fps
2026-07-05 21:27:13,333 DEBUG [backend.app.api.routes.printers] [c565997d] API returning ams_mapping: [], ams_extruder_map: {'0': 0}
2026-07-05 21:27:13,333 DEBUG [backend.app.api.routes.printers] [c565997d] Using tray_now directly as global ID: 1
2026-07-05 21:27:13,333 WARNING [backend.app.services.external_camera] [0af3066a] Snapshot does not appear to be JPEG
2026-07-05 21:27:13,334 INFO [uvicorn.access] [-] [IP]:14179 - "POST /api/v1/printers/camera/stream-token HTTP/1.1" 200
2026-07-05 21:27:13,345 INFO [backend.app.api.routes.camera] [a272decc] Using external camera (snapshot) for printer 1 at 15 fps
2026-07-05 21:27:13,352 WARNING [backend.app.services.external_camera] [a272decc] Snapshot does not appear to be JPEG
2026-07-05 21:27:13,437 WARNING [backend.app.services.external_camera] [0af3066a] Snapshot does not appear to be JPEG
2026-07-05 21:27:13,437 WARNING [backend.app.services.external_camera] [a272decc] Snapshot does not appear to be JPEG
2026-07-05 21:27:13,438 INFO [backend.app.api.routes.camera] [0af3066a] External camera stream ended for printer 1
2026-07-05 21:27:13,756 WARNING [backend.app.services.external_camera] [a272decc] Snapshot does not appear to be JPEG
2026-07-05 21:27:13,847 WARNING [backend.app.services.external_camera] [a272decc] Snapshot does not appear to be JPEG
2026-07-05 21:27:13,952 WARNING [backend.app.services.external_camera] [a272decc] Snapshot does not appear to be JPEG
2026-07-05 21:27:14,042 WARNING [backend.app.services.external_camera] [a272decc] Snapshot does not appear to be JPEG
2026-07-05 21:27:14,132 WARNING [backend.app.services.external_camera] [a272decc] Snapshot does not appear to be JPEG
2026-07-05 21:27:14,174 INFO [backend.app.api.routes.camera] [631af0e1] Stopped 0 camera stream(s) for printer 1
2026-07-05 21:27:14,174 INFO [uvicorn.access] [-] [IP]:2390 - "POST /api/v1/printers/1/camera/stop HTTP/1.1" 200
2026-07-05 21:27:14,177 INFO [backend.app.api.routes.camera] [a272decc] External camera stream ended for printer 1
2026-07-05 21:27:14,280 INFO [backend.app.api.routes.camera] [04993393] Using external camera (snapshot) for printer 1 at 15 fps
2026-07-05 21:27:14,294 WARNING [backend.app.services.external_camera] [04993393] Snapshot does not appear to be JPEG
2026-07-05 21:27:14,372 WARNING [backend.app.services.external_camera] [04993393] Snapshot does not appear to be JPEG
2026-07-05 21:27:14,450 WARNING [backend.app.services.external_camera] [04993393] Snapshot does not appear to be JPEG
2026-07-05 21:27:14,540 WARNING [backend.app.services.external_camera] [04993393] Snapshot does not appear to be JPEG
2026-07-05 21:27:14,622 WARNING [backend.app.services.external_camera] [04993393] Snapshot does not appear to be JPEG
2026-07-05 21:27:14,700 WARNING [backend.app.services.external_camera] [04993393] Snapshot does not appear to be JPEG
2026-07-05 21:27:14,777 WARNING [backend.app.services.external_camera] [04993393] Snapshot does not appear to be JPEG
2026-07-05 21:27:14,864 WARNING [backend.app.services.external_camera] [04993393] Snapshot does not appear to be JPEG
2026-07-05 21:27:14,950 WARNING [backend.app.services.external_camera] [04993393] Snapshot does not appear to be JPEG
2026-07-05 21:27:15,032 WARNING [backend.app.services.external_camera] [04993393] Snapshot does not appear to be JPEG
2026-07-05 21:27:15,064 DEBUG [backend.app.services.bambu_mqtt] [-] [[SERIAL]] Received command response: push_status
2026-07-05 21:27:15,064 DEBUG [backend.app.services.bambu_mqtt] [-] [[SERIAL]] wifi_signal received: -49dBm
2026-07-05 21:27:15,106 WARNING [backend.app.services.external_camera] [04993393] Snapshot does not appear to be JPEG
2026-07-05 21:27:15,134 INFO [backend.app.api.routes.camera] [189f430b] Stopped 0 camera stream(s) for printer 1
2026-07-05 21:27:15,134 INFO [uvicorn.access] [-] [IP]:12381 - "POST /api/v1/printers/1/camera/stop HTTP/1.1" 200
2026-07-05 21:27:15,136 INFO [backend.app.api.routes.camera] [04993393] External camera stream ended for printer 1
2026-07-05 21:27:15,239 INFO [backend.app.api.routes.camera] [7e43626d] Using external camera (snapshot) for printer 1 at 15 fps
2026-07-05 21:27:15,256 WARNING [backend.app.services.external_camera] [7e43626d] Snapshot does not appear to be JPEG
2026-07-05 21:27:15,335 WARNING [backend.app.services.external_camera] [7e43626d] Snapshot does not appear to be JPEG
2026-07-05 21:27:15,410 WARNING [backend.app.services.external_camera] [7e43626d] Snapshot does not appear to be JPEG
2026-07-05 21:27:15,487 WARNING [backend.app.services.external_camera] [7e43626d] Snapshot does not appear to be JPEG
2026-07-05 21:27:15,568 WARNING [backend.app.services.external_camera] [7e43626d] Snapshot does not appear to be JPEG
2026-07-05 21:27:15,651 WARNING [backend.app.services.external_camera] [7e43626d] Snapshot does not appear to be JPEG
2026-07-05 21:27:15,727 WARNING [backend.app.services.external_camera] [7e43626d] Snapshot does not appear to be JPEG
2026-07-05 21:27:15,803 WARNING [backend.app.services.external_camera] [7e43626d] Snapshot does not appear to be JPEG
2026-07-05 21:27:15,804 INFO [backend.app.api.routes.camera] [7e43626d] External camera stream ended for printer 1
2026-07-05 21:27:15,805 INFO [backend.app.api.routes.camera] [989977d8] Stopped 0 camera stream(s) for printer 1
2026-07-05 21:27:15,805 INFO [uvicorn.access] [-] [IP]:9484 - "POST /api/v1/printers/1/camera/stop HTTP/1.1" 200
2026-07-05 21:27:15,905 INFO [backend.app.api.routes.camera] [b909b6e2] Using external camera (snapshot) for printer 1 at 15 fps
2026-07-05 21:27:15,908 DEBUG [backend.app.main] [-] [[PRINTER]] Runtime tracking: added 30s, total=68280s (18.97h)
2026-07-05 21:27:15,909 DEBUG [backend.app.main] [-] Updated runtime for 1 printer(s)
2026-07-05 21:27:15,914 WARNING [backend.app.services.external_camera] [b909b6e2] Snapshot does not appear to be JPEG
2026-07-05 21:27:15,993 WARNING [backend.app.services.external_camera] [b909b6e2] Snapshot does not appear to be JPEG
2026-07-05 21:27:16,080 WARNING [backend.app.services.external_camera] [b909b6e2] Snapshot does not appear to be JPEG
2026-07-05 21:27:16,154 WARNING [backend.app.services.external_camera] [b909b6e2] Snapshot does not appear to be JPEG
2026-07-05 21:27:16,230 WARNING [backend.app.services.external_camera] [b909b6e2] Snapshot does not appear to be JPEG
2026-07-05 21:27:16,306 WARNING [backend.app.services.external_camera] [b909b6e2] Snapshot does not appear to be JPEG
2026-07-05 21:27:16,390 WARNING [backend.app.services.external_camera] [b909b6e2] Snapshot does not appear to be JPEG
2026-07-05 21:27:16,402 INFO [backend.app.api.routes.camera] [b909b6e2] External camera stream ended for printer 1
2026-07-05 21:27:16,403 INFO [backend.app.api.routes.camera] [01fd0aa8] Stopped 0 camera stream(s) for printer 1
2026-07-05 21:27:16,403 INFO [uvicorn.access] [-] [IP]:11490 - "POST /api/v1/printers/1/camera/stop HTTP/1.1" 200
2026-07-05 21:27:16,508 INFO [backend.app.api.routes.camera] [d88ae1d9] Using external camera (snapshot) for printer 1 at 15 fps
2026-07-05 21:27:16,518 WARNING [backend.app.services.external_camera] [d88ae1d9] Snapshot does not appear to be JPEG
2026-07-05 21:27:16,598 WARNING [backend.app.services.external_camera] [d88ae1d9] Snapshot does not appear to be JPEG
2026-07-05 21:27:16,676 WARNING [backend.app.services.external_camera] [d88ae1d9] Snapshot does not appear to be JPEG
2026-07-05 21:27:16,753 WARNING [backend.app.services.external_camera] [d88ae1d9] Snapshot does not appear to be JPEG
2026-07-05 21:27:16,830 WARNING [backend.app.services.external_camera] [d88ae1d9] Snapshot does not appear to be JPEG
2026-07-05 21:27:16,907 WARNING [backend.app.services.external_camera] [d88ae1d9] Snapshot does not appear to be JPEG
2026-07-05 21:27:16,984 WARNING [backend.app.services.external_camera] [d88ae1d9] Snapshot does not appear to be JPEG
2026-07-05 21:27:16,986 INFO [backend.app.api.routes.camera] [d88ae1d9] External camera stream ended for printer 1
2026-07-05 21:27:16,986 INFO [backend.app.api.routes.camera] [116d1f2e] Stopped 0 camera stream(s) for printer 1
2026-07-05 21:27:16,987 INFO [uvicorn.access] [-] [IP]:13884 - "POST /api/v1/printers/1/camera/stop HTTP/1.1" 200
2026-07-05 21:27:17,092 INFO [backend.app.api.routes.camera] [506e5f32] Using external camera (snapshot) for printer 1 at 15 fps
2026-07-05 21:27:17,098 DEBUG [backend.app.services.bambu_mqtt] [-] [[SERIAL]] Received command response: push_status
2026-07-05 21:27:17,098 DEBUG [backend.app.services.bambu_mqtt] [-] [[SERIAL]] wifi_signal received: -48dBm
2026-07-05 21:27:17,107 WARNING [backend.app.services.external_camera] [506e5f32] Snapshot does not appear to be JPEG
2026-07-05 21:27:17,185 WARNING [backend.app.services.external_camera] [506e5f32] Snapshot does not appear to be JPEG
2026-07-05 21:27:17,264 WARNING [backend.app.services.external_camera] [506e5f32] Snapshot does not appear to be JPEG
2026-07-05 21:27:17,339 WARNING [backend.app.services.external_camera] [506e5f32] Snapshot does not appear to be JPEG
2026-07-05 21:27:17,414 WARNING [backend.app.services.external_camera] [506e5f32] Snapshot does not appear to be JPEG
2026-07-05 21:27:17,491 WARNING [backend.app.services.external_camera] [506e5f32] Snapshot does not appear to be JPEG
2026-07-05 21:27:17,566 WARNING [backend.app.services.external_camera] [506e5f32] Snapshot does not appear to be JPEG
2026-07-05 21:27:17,627 INFO [backend.app.api.routes.camera] [506e5f32] External camera stream ended for printer 1
2026-07-05 21:27:17,629 INFO [backend.app.api.routes.camera] [853f450e] Stopped 0 camera stream(s) for printer 1
2026-07-05 21:27:17,630 INFO [uvicorn.access] [-] [IP]:8031 - "POST /api/v1/printers/1/camera/stop HTTP/1.1" 200
2026-07-05 21:27:17,735 INFO [backend.app.api.routes.camera] [9b00ef0f] Using external camera (snapshot) for printer 1 at 15 fps
2026-07-05 21:27:17,744 WARNING [backend.app.services.external_camera] [9b00ef0f] Snapshot does not appear to be JPEG
2026-07-05 21:27:17,830 WARNING [backend.app.services.external_camera] [9b00ef0f] Snapshot does not appear to be JPEG
2026-07-05 21:27:17,918 WARNING [backend.app.services.external_camera] [9b00ef0f] Snapshot does not appear to be JPEG
2026-07-05 21:27:17,997 WARNING [backend.app.services.external_camera] [9b00ef0f] Snapshot does not appear to be JPEG
2026-07-05 21:27:18,077 WARNING [backend.app.services.external_camera] [9b00ef0f] Snapshot does not appear to be JPEG
2026-07-05 21:27:18,150 WARNING [backend.app.services.external_camera] [9b00ef0f] Snapshot does not appear to be JPEG
2026-07-05 21:27:18,229 WARNING [backend.app.services.external_camera] [9b00ef0f] Snapshot does not appear to be JPEG
2026-07-05 21:27:18,305 WARNING [backend.app.services.external_camera] [9b00ef0f] Snapshot does not appear to be JPEG
2026-07-05 21:27:18,380 WARNING [backend.app.services.external_camera] [9b00ef0f] Snapshot does not appear to be JPEG
2026-07-05 21:27:18,457 WARNING [backend.app.services.external_camera] [9b00ef0f] Snapshot does not appear to be JPEG
2026-07-05 21:27:18,537 WARNING [backend.app.services.external_camera] [9b00ef0f] Snapshot does not appear to be JPEG
2026-07-05 21:27:18,614 WARNING [backend.app.services.external_camera] [9b00ef0f] Snapshot does not appear to be JPEG
2026-07-05 21:27:18,690 WARNING [backend.app.services.external_camera] [9b00ef0f] Snapshot does not appear to be JPEG
2026-07-05 21:27:18,769 WARNING [backend.app.services.external_camera] [9b00ef0f] Snapshot does not appear to be JPEG