2026-05-15 18:45:45,457 DEBUG [backend.app.services.bambu_mqtt] [-] [[SERIAL]] HMS data received: []
2026-05-15 18:45:45,457 DEBUG [backend.app.services.bambu_mqtt] [-] [[SERIAL]] ipcam field: {'agora_service': 'disable', 'ipcam_dev': '1', 'ipcam_record': 'disable', 'mode_bits': 2, 'resolution': '1080p', 'rtsp_url': 'rtsps://[IP]:322/streaming/live/1', 'timelapse': 'disable', 'tutk_server': 'disable'}
2026-05-15 18:45:45,457 DEBUG [backend.app.services.bambu_mqtt] [-] [[SERIAL]] wifi_signal received: -47dBm
2026-05-15 18:45:45,457 DEBUG [backend.app.services.bambu_mqtt] [-] [[SERIAL]] lights_report: [{'mode': 'on', 'node': 'chamber_light'}, {'mode': 'flashing', 'node': 'work_light'}]
2026-05-15 18:45:45,457 DEBUG [backend.app.services.bambu_mqtt] [-] [[SERIAL]] gcode_state: IDLE -> IDLE, file: , subtask: 
2026-05-15 18:45:45,680 DEBUG [backend.app.services.bambu_mqtt] [-] [[SERIAL]] Found xcam inside print data: {'allow_skip_parts': False, 'buildplate_marker_detector': True, 'first_layer_inspector': False, 'halt_print_sensitivity': 'medium', 'print_halt': True, 'printing_monitor': False, 'spaghetti_detector': False}
2026-05-15 18:45:45,680 DEBUG [backend.app.services.bambu_mqtt] [-] [[SERIAL]] Parsing xcam data - all fields: ['allow_skip_parts', 'buildplate_marker_detector', 'first_layer_inspector', 'halt_print_sensitivity', 'print_halt', 'printing_monitor', 'spaghetti_detector']
2026-05-15 18:45:45,680 DEBUG [backend.app.services.bambu_mqtt] [-] [[SERIAL]] Received gcode_state: IDLE, gcode_file: , subtask_name: 
2026-05-15 18:45:45,680 DEBUG [backend.app.services.bambu_mqtt] [-] [[SERIAL]] AMS dict fields: {'ams_exist_bits': '3', 'ams_exist_bits_raw': '3', 'insert_flag': True, 'power_on_flag': False, 'tray_exist_bits': '7', 'tray_is_bbl_bits': '7', 'tray_now': '255', 'tray_pre': '255', 'tray_read_done_bits': '7', 'tray_reading_bits': '0', 'tray_tar': '255', 'version': 1846}
2026-05-15 18:45:45,680 DEBUG [backend.app.services.bambu_mqtt] [-] [[SERIAL]] tray_now updated: 255
2026-05-15 18:45:45,680 DEBUG [backend.app.services.bambu_mqtt] [-] [[SERIAL]] Merged AMS data: 2 new units, 2 total
2026-05-15 18:45:45,680 DEBUG [backend.app.services.bambu_mqtt] [-] [[SERIAL]] ams_status: 0 (main=0, sub=0)
2026-05-15 18:45:45,680 DEBUG [backend.app.services.bambu_mqtt] [-] [[SERIAL]] Received command response: push_status
2026-05-15 18:45:45,680 DEBUG [backend.app.services.bambu_mqtt] [-] [[SERIAL]] chamber_temper raw value: 27.0
2026-05-15 18:45:45,680 DEBUG [backend.app.services.bambu_mqtt] [-] [[SERIAL]] chamber_temper direct value: 27.0°C (heater OFF)
2026-05-15 18:45:45,680 DEBUG [backend.app.services.bambu_mqtt] [-] [[SERIAL]] Chamber heating calculated: target=0.0, current=27.0, heating=False, respect_local=False
2026-05-15 18:45:45,680 DEBUG [backend.app.services.bambu_mqtt] [-] [[SERIAL]] Chamber temp updated to: 27.0, target: 0.0, heating: False
2026-05-15 18:45:45,680 DEBUG [backend.app.services.bambu_mqtt] [-] [[SERIAL]] HMS data received: []
2026-05-15 18:45:45,681 DEBUG [backend.app.services.bambu_mqtt] [-] [[SERIAL]] ipcam field: {'agora_service': 'disable', 'ipcam_dev': '1', 'ipcam_record': 'disable', 'mode_bits': 2, 'resolution': '1080p', 'rtsp_url': 'rtsps://[IP]:322/streaming/live/1', 'timelapse': 'disable', 'tutk_server': 'disable'}
2026-05-15 18:45:45,681 DEBUG [backend.app.services.bambu_mqtt] [-] [[SERIAL]] wifi_signal received: -42dBm
2026-05-15 18:45:45,681 DEBUG [backend.app.services.bambu_mqtt] [-] [[SERIAL]] lights_report: [{'mode': 'on', 'node': 'chamber_light'}, {'mode': 'flashing', 'node': 'work_light'}]
2026-05-15 18:45:45,681 DEBUG [backend.app.services.bambu_mqtt] [-] [[SERIAL]] gcode_state: IDLE -> IDLE, file: , subtask: 
2026-05-15 18:45:46,459 DEBUG [backend.app.services.bambu_mqtt] [-] [[SERIAL]] Found xcam inside print data: {'allow_skip_parts': False, 'buildplate_marker_detector': True, 'first_layer_inspector': False, 'halt_print_sensitivity': 'medium', 'print_halt': True, 'printing_monitor': False, 'spaghetti_detector': False}
2026-05-15 18:45:46,459 DEBUG [backend.app.services.bambu_mqtt] [-] [[SERIAL]] Parsing xcam data - all fields: ['allow_skip_parts', 'buildplate_marker_detector', 'first_layer_inspector', 'halt_print_sensitivity', 'print_halt', 'printing_monitor', 'spaghetti_detector']
2026-05-15 18:45:46,459 DEBUG [backend.app.services.bambu_mqtt] [-] [[SERIAL]] Received gcode_state: IDLE, gcode_file: , subtask_name: 
2026-05-15 18:45:46,459 DEBUG [backend.app.services.bambu_mqtt] [-] [[SERIAL]] AMS dict fields: {'ams_exist_bits': '3', 'ams_exist_bits_raw': '3', 'insert_flag': True, 'power_on_flag': False, 'tray_exist_bits': 'ee', 'tray_is_bbl_bits': 'ee', 'tray_now': '255', 'tray_pre': '255', 'tray_read_done_bits': 'ee', 'tray_reading_bits': '0', 'tray_tar': '255', 'version': 2234}
2026-05-15 18:45:46,459 DEBUG [backend.app.services.bambu_mqtt] [-] [[SERIAL]] tray_now updated: 255
2026-05-15 18:45:46,459 DEBUG [backend.app.services.bambu_mqtt] [-] [[SERIAL]] Merged AMS data: 2 new units, 2 total
2026-05-15 18:45:46,459 DEBUG [backend.app.services.bambu_mqtt] [-] [[SERIAL]] ams_status: 0 (main=0, sub=0)
2026-05-15 18:45:46,459 DEBUG [backend.app.services.bambu_mqtt] [-] [[SERIAL]] Received command response: push_status
2026-05-15 18:45:46,459 DEBUG [backend.app.services.bambu_mqtt] [-] [[SERIAL]] chamber_temper raw value: 27.0
2026-05-15 18:45:46,459 DEBUG [backend.app.services.bambu_mqtt] [-] [[SERIAL]] chamber_temper direct value: 27.0°C (heater OFF)
2026-05-15 18:45:46,459 DEBUG [backend.app.services.bambu_mqtt] [-] [[SERIAL]] Chamber heating calculated: target=0.0, current=27.0, heating=False, respect_local=False
2026-05-15 18:45:46,459 DEBUG [backend.app.services.bambu_mqtt] [-] [[SERIAL]] Chamber temp updated to: 27.0, target: 0.0, heating: False
2026-05-15 18:45:46,460 DEBUG [backend.app.services.bambu_mqtt] [-] [[SERIAL]] HMS data received: []
2026-05-15 18:45:46,460 DEBUG [backend.app.services.bambu_mqtt] [-] [[SERIAL]] ipcam field: {'agora_service': 'disable', 'ipcam_dev': '1', 'ipcam_record': 'disable', 'mode_bits': 2, 'resolution': '1080p', 'rtsp_url': 'rtsps://[IP]:322/streaming/live/1', 'timelapse': 'disable', 'tutk_server': 'disable'}
2026-05-15 18:45:46,460 DEBUG [backend.app.services.bambu_mqtt] [-] [[SERIAL]] wifi_signal received: -47dBm
2026-05-15 18:45:46,460 DEBUG [backend.app.services.bambu_mqtt] [-] [[SERIAL]] lights_report: [{'mode': 'on', 'node': 'chamber_light'}, {'mode': 'flashing', 'node': 'work_light'}]
2026-05-15 18:45:46,460 DEBUG [backend.app.services.bambu_mqtt] [-] [[SERIAL]] gcode_state: IDLE -> IDLE, file: , subtask: 
2026-05-15 18:45:46,691 DEBUG [backend.app.services.bambu_mqtt] [-] [[SERIAL]] Found xcam inside print data: {'allow_skip_parts': False, 'buildplate_marker_detector': True, 'first_layer_inspector': False, 'halt_print_sensitivity': 'medium', 'print_halt': True, 'printing_monitor': False, 'spaghetti_detector': False}
2026-05-15 18:45:46,691 DEBUG [backend.app.services.bambu_mqtt] [-] [[SERIAL]] Parsing xcam data - all fields: ['allow_skip_parts', 'buildplate_marker_detector', 'first_layer_inspector', 'halt_print_sensitivity', 'print_halt', 'printing_monitor', 'spaghetti_detector']
2026-05-15 18:45:46,691 DEBUG [backend.app.services.bambu_mqtt] [-] [[SERIAL]] Received gcode_state: IDLE, gcode_file: , subtask_name: 
2026-05-15 18:45:46,691 DEBUG [backend.app.services.bambu_mqtt] [-] [[SERIAL]] AMS dict fields: {'ams_exist_bits': '3', 'ams_exist_bits_raw': '3', 'insert_flag': True, 'power_on_flag': False, 'tray_exist_bits': '7', 'tray_is_bbl_bits': '7', 'tray_now': '255', 'tray_pre': '255', 'tray_read_done_bits': '7', 'tray_reading_bits': '0', 'tray_tar': '255', 'version': 1846}
2026-05-15 18:45:46,691 DEBUG [backend.app.services.bambu_mqtt] [-] [[SERIAL]] tray_now updated: 255
2026-05-15 18:45:46,691 DEBUG [backend.app.services.bambu_mqtt] [-] [[SERIAL]] Merged AMS data: 2 new units, 2 total
2026-05-15 18:45:46,691 DEBUG [backend.app.services.bambu_mqtt] [-] [[SERIAL]] ams_status: 0 (main=0, sub=0)
2026-05-15 18:45:46,691 DEBUG [backend.app.services.bambu_mqtt] [-] [[SERIAL]] Received command response: push_status
2026-05-15 18:45:46,692 DEBUG [backend.app.services.bambu_mqtt] [-] [[SERIAL]] chamber_temper raw value: 27.0
2026-05-15 18:45:46,692 DEBUG [backend.app.services.bambu_mqtt] [-] [[SERIAL]] chamber_temper direct value: 27.0°C (heater OFF)
2026-05-15 18:45:46,692 DEBUG [backend.app.services.bambu_mqtt] [-] [[SERIAL]] Chamber heating calculated: target=0.0, current=27.0, heating=False, respect_local=False
2026-05-15 18:45:46,692 DEBUG [backend.app.services.bambu_mqtt] [-] [[SERIAL]] Chamber temp updated to: 27.0, target: 0.0, heating: False
2026-05-15 18:45:46,692 DEBUG [backend.app.services.bambu_mqtt] [-] [[SERIAL]] HMS data received: []
2026-05-15 18:45:46,692 DEBUG [backend.app.services.bambu_mqtt] [-] [[SERIAL]] ipcam field: {'agora_service': 'disable', 'ipcam_dev': '1', 'ipcam_record': 'disable', 'mode_bits': 2, 'resolution': '1080p', 'rtsp_url': 'rtsps://[IP]:322/streaming/live/1', 'timelapse': 'disable', 'tutk_server': 'disable'}
2026-05-15 18:45:46,692 DEBUG [backend.app.services.bambu_mqtt] [-] [[SERIAL]] wifi_signal received: -42dBm
2026-05-15 18:45:46,692 DEBUG [backend.app.services.bambu_mqtt] [-] [[SERIAL]] lights_report: [{'mode': 'on', 'node': 'chamber_light'}, {'mode': 'flashing', 'node': 'work_light'}]
2026-05-15 18:45:46,692 DEBUG [backend.app.services.bambu_mqtt] [-] [[SERIAL]] gcode_state: IDLE -> IDLE, file: , subtask: 
2026-05-15 18:45:47,474 DEBUG [backend.app.services.bambu_mqtt] [-] [[SERIAL]] Found xcam inside print data: {'allow_skip_parts': False, 'buildplate_marker_detector': True, 'first_layer_inspector': False, 'halt_print_sensitivity': 'medium', 'print_halt': True, 'printing_monitor': False, 'spaghetti_detector': False}
2026-05-15 18:45:47,474 DEBUG [backend.app.services.bambu_mqtt] [-] [[SERIAL]] Parsing xcam data - all fields: ['allow_skip_parts', 'buildplate_marker_detector', 'first_layer_inspector', 'halt_print_sensitivity', 'print_halt', 'printing_monitor', 'spaghetti_detector']
2026-05-15 18:45:47,474 DEBUG [backend.app.services.bambu_mqtt] [-] [[SERIAL]] Received gcode_state: IDLE, gcode_file: , subtask_name: 
2026-05-15 18:45:47,474 DEBUG [backend.app.services.bambu_mqtt] [-] [[SERIAL]] AMS dict fields: {'ams_exist_bits': '3', 'ams_exist_bits_raw': '3', 'insert_flag': True, 'power_on_flag': False, 'tray_exist_bits': 'ee', 'tray_is_bbl_bits': 'ee', 'tray_now': '255', 'tray_pre': '255', 'tray_read_done_bits': 'ee', 'tray_reading_bits': '0', 'tray_tar': '255', 'version': 2234}
2026-05-15 18:45:47,474 DEBUG [backend.app.services.bambu_mqtt] [-] [[SERIAL]] tray_now updated: 255
2026-05-15 18:45:47,474 DEBUG [backend.app.services.bambu_mqtt] [-] [[SERIAL]] Merged AMS data: 2 new units, 2 total
2026-05-15 18:45:47,474 DEBUG [backend.app.services.bambu_mqtt] [-] [[SERIAL]] ams_status: 0 (main=0, sub=0)
2026-05-15 18:45:47,474 DEBUG [backend.app.services.bambu_mqtt] [-] [[SERIAL]] Received command response: push_status
2026-05-15 18:45:47,474 DEBUG [backend.app.services.bambu_mqtt] [-] [[SERIAL]] chamber_temper raw value: 27.0
2026-05-15 18:45:47,474 DEBUG [backend.app.services.bambu_mqtt] [-] [[SERIAL]] chamber_temper direct value: 27.0°C (heater OFF)
2026-05-15 18:45:47,474 DEBUG [backend.app.services.bambu_mqtt] [-] [[SERIAL]] Chamber heating calculated: target=0.0, current=27.0, heating=False, respect_local=False
2026-05-15 18:45:47,474 DEBUG [backend.app.services.bambu_mqtt] [-] [[SERIAL]] Chamber temp updated to: 27.0, target: 0.0, heating: False
2026-05-15 18:45:47,474 DEBUG [backend.app.services.bambu_mqtt] [-] [[SERIAL]] HMS data received: []
2026-05-15 18:45:47,474 DEBUG [backend.app.services.bambu_mqtt] [-] [[SERIAL]] ipcam field: {'agora_service': 'disable', 'ipcam_dev': '1', 'ipcam_record': 'disable', 'mode_bits': 2, 'resolution': '1080p', 'rtsp_url': 'rtsps://[IP]:322/streaming/live/1', 'timelapse': 'disable', 'tutk_server': 'disable'}
2026-05-15 18:45:47,474 DEBUG [backend.app.services.bambu_mqtt] [-] [[SERIAL]] wifi_signal received: -47dBm
2026-05-15 18:45:47,474 DEBUG [backend.app.services.bambu_mqtt] [-] [[SERIAL]] lights_report: [{'mode': 'on', 'node': 'chamber_light'}, {'mode': 'flashing', 'node': 'work_light'}]
2026-05-15 18:45:47,474 DEBUG [backend.app.services.bambu_mqtt] [-] [[SERIAL]] gcode_state: IDLE -> IDLE, file: , subtask: 
2026-05-15 18:45:47,975 DEBUG [backend.app.services.bambu_mqtt] [-] [[SERIAL]] Found xcam inside print data: {'allow_skip_parts': False, 'buildplate_marker_detector': True, 'first_layer_inspector': False, 'halt_print_sensitivity': 'medium', 'print_halt': True, 'printing_monitor': False, 'spaghetti_detector': False}
2026-05-15 18:45:47,975 DEBUG [backend.app.services.bambu_mqtt] [-] [[SERIAL]] Parsing xcam data - all fields: ['allow_skip_parts', 'buildplate_marker_detector', 'first_layer_inspector', 'halt_print_sensitivity', 'print_halt', 'printing_monitor', 'spaghetti_detector']
2026-05-15 18:45:47,975 DEBUG [backend.app.services.bambu_mqtt] [-] [[SERIAL]] Received gcode_state: IDLE, gcode_file: , subtask_name: 
2026-05-15 18:45:47,975 DEBUG [backend.app.services.bambu_mqtt] [-] [[SERIAL]] AMS dict fields: {'ams_exist_bits': '3', 'ams_exist_bits_raw': '3', 'insert_flag': True, 'power_on_flag': False, 'tray_exist_bits': '7', 'tray_is_bbl_bits': '7', 'tray_now': '255', 'tray_pre': '255', 'tray_read_done_bits': '7', 'tray_reading_bits': '0', 'tray_tar': '255', 'version': 1846}
2026-05-15 18:45:47,975 DEBUG [backend.app.services.bambu_mqtt] [-] [[SERIAL]] tray_now updated: 255
2026-05-15 18:45:47,975 DEBUG [backend.app.services.bambu_mqtt] [-] [[SERIAL]] Merged AMS data: 2 new units, 2 total
2026-05-15 18:45:47,975 DEBUG [backend.app.services.bambu_mqtt] [-] [[SERIAL]] ams_status: 0 (main=0, sub=0)
2026-05-15 18:45:47,975 DEBUG [backend.app.services.bambu_mqtt] [-] [[SERIAL]] Received command response: push_status
2026-05-15 18:45:47,975 DEBUG [backend.app.services.bambu_mqtt] [-] [[SERIAL]] chamber_temper raw value: 27.0
2026-05-15 18:45:47,975 DEBUG [backend.app.services.bambu_mqtt] [-] [[SERIAL]] chamber_temper direct value: 27.0°C (heater OFF)
2026-05-15 18:45:47,975 DEBUG [backend.app.services.bambu_mqtt] [-] [[SERIAL]] Chamber heating calculated: target=0.0, current=27.0, heating=False, respect_local=False
2026-05-15 18:45:47,975 DEBUG [backend.app.services.bambu_mqtt] [-] [[SERIAL]] Chamber temp updated to: 27.0, target: 0.0, heating: False
2026-05-15 18:45:47,975 DEBUG [backend.app.services.bambu_mqtt] [-] [[SERIAL]] HMS data received: []
2026-05-15 18:45:47,975 DEBUG [backend.app.services.bambu_mqtt] [-] [[SERIAL]] ipcam field: {'agora_service': 'disable', 'ipcam_dev': '1', 'ipcam_record': 'disable', 'mode_bits': 2, 'resolution': '1080p', 'rtsp_url': 'rtsps://[IP]:322/streaming/live/1', 'timelapse': 'disable', 'tutk_server': 'disable'}
2026-05-15 18:45:47,975 DEBUG [backend.app.services.bambu_mqtt] [-] [[SERIAL]] wifi_signal received: -42dBm
2026-05-15 18:45:47,975 DEBUG [backend.app.services.bambu_mqtt] [-] [[SERIAL]] lights_report: [{'mode': 'on', 'node': 'chamber_light'}, {'mode': 'flashing', 'node': 'work_light'}]
2026-05-15 18:45:47,976 DEBUG [backend.app.services.bambu_mqtt] [-] [[SERIAL]] gcode_state: IDLE -> IDLE, file: , subtask: 
2026-05-15 18:45:47,993 INFO [backend.app.api.routes.support] [222ce8e6] Generated support bundle: bambuddy-support-20260515-184547.zip
2026-05-15 18:45:48,482 DEBUG [backend.app.services.bambu_mqtt] [-] [[SERIAL]] Found xcam inside print data: {'allow_skip_parts': False, 'buildplate_marker_detector': True, 'first_layer_inspector': False, 'halt_print_sensitivity': 'medium', 'print_halt': True, 'printing_monitor': False, 'spaghetti_detector': False}
2026-05-15 18:45:48,482 DEBUG [backend.app.services.bambu_mqtt] [-] [[SERIAL]] Parsing xcam data - all fields: ['allow_skip_parts', 'buildplate_marker_detector', 'first_layer_inspector', 'halt_print_sensitivity', 'print_halt', 'printing_monitor', 'spaghetti_detector']
2026-05-15 18:45:48,482 DEBUG [backend.app.services.bambu_mqtt] [-] [[SERIAL]] Received gcode_state: IDLE, gcode_file: , subtask_name: 
2026-05-15 18:45:48,482 DEBUG [backend.app.services.bambu_mqtt] [-] [[SERIAL]] AMS dict fields: {'ams_exist_bits': '3', 'ams_exist_bits_raw': '3', 'insert_flag': True, 'power_on_flag': False, 'tray_exist_bits': 'ee', 'tray_is_bbl_bits': 'ee', 'tray_now': '255', 'tray_pre': '255', 'tray_read_done_bits': 'ee', 'tray_reading_bits': '0', 'tray_tar': '255', 'version': 2234}
2026-05-15 18:45:48,482 DEBUG [backend.app.services.bambu_mqtt] [-] [[SERIAL]] tray_now updated: 255
2026-05-15 18:45:48,482 DEBUG [backend.app.services.bambu_mqtt] [-] [[SERIAL]] Merged AMS data: 2 new units, 2 total
2026-05-15 18:45:48,482 DEBUG [backend.app.services.bambu_mqtt] [-] [[SERIAL]] ams_status: 0 (main=0, sub=0)
2026-05-15 18:45:48,483 DEBUG [backend.app.services.bambu_mqtt] [-] [[SERIAL]] Received command response: push_status
2026-05-15 18:45:48,483 DEBUG [backend.app.services.bambu_mqtt] [-] [[SERIAL]] chamber_temper raw value: 27.0
2026-05-15 18:45:48,483 DEBUG [backend.app.services.bambu_mqtt] [-] [[SERIAL]] chamber_temper direct value: 27.0°C (heater OFF)
2026-05-15 18:45:48,483 DEBUG [backend.app.services.bambu_mqtt] [-] [[SERIAL]] Chamber heating calculated: target=0.0, current=27.0, heating=False, respect_local=False
2026-05-15 18:45:48,483 DEBUG [backend.app.services.bambu_mqtt] [-] [[SERIAL]] Chamber temp updated to: 27.0, target: 0.0, heating: False
2026-05-15 18:45:48,483 DEBUG [backend.app.services.bambu_mqtt] [-] [[SERIAL]] HMS data received: []
2026-05-15 18:45:48,483 DEBUG [backend.app.services.bambu_mqtt] [-] [[SERIAL]] ipcam field: {'agora_service': 'disable', 'ipcam_dev': '1', 'ipcam_record': 'disable', 'mode_bits': 2, 'resolution': '1080p', 'rtsp_url': 'rtsps://[IP]:322/streaming/live/1', 'timelapse': 'disable', 'tutk_server': 'disable'}
2026-05-15 18:45:48,483 DEBUG [backend.app.services.bambu_mqtt] [-] [[SERIAL]] wifi_signal received: -47dBm
2026-05-15 18:45:48,483 DEBUG [backend.app.services.bambu_mqtt] [-] [[SERIAL]] lights_report: [{'mode': 'on', 'node': 'chamber_light'}, {'mode': 'flashing', 'node': 'work_light'}]
2026-05-15 18:45:48,483 DEBUG [backend.app.services.bambu_mqtt] [-] [[SERIAL]] gcode_state: IDLE -> IDLE, file: , subtask: 
2026-05-15 18:45:48,700 DEBUG [backend.app.services.bambu_mqtt] [-] [[SERIAL]] Found xcam inside print data: {'allow_skip_parts': False, 'buildplate_marker_detector': True, 'first_layer_inspector': False, 'halt_print_sensitivity': 'medium', 'print_halt': True, 'printing_monitor': False, 'spaghetti_detector': False}
2026-05-15 18:45:48,700 DEBUG [backend.app.services.bambu_mqtt] [-] [[SERIAL]] Parsing xcam data - all fields: ['allow_skip_parts', 'buildplate_marker_detector', 'first_layer_inspector', 'halt_print_sensitivity', 'print_halt', 'printing_monitor', 'spaghetti_detector']
2026-05-15 18:45:48,700 DEBUG [backend.app.services.bambu_mqtt] [-] [[SERIAL]] Received gcode_state: IDLE, gcode_file: , subtask_name: 
2026-05-15 18:45:48,700 DEBUG [backend.app.services.bambu_mqtt] [-] [[SERIAL]] AMS dict fields: {'ams_exist_bits': '3', 'ams_exist_bits_raw': '3', 'insert_flag': True, 'power_on_flag': False, 'tray_exist_bits': '7', 'tray_is_bbl_bits': '7', 'tray_now': '255', 'tray_pre': '255', 'tray_read_done_bits': '7', 'tray_reading_bits': '0', 'tray_tar': '255', 'version': 1846}
2026-05-15 18:45:48,701 DEBUG [backend.app.services.bambu_mqtt] [-] [[SERIAL]] tray_now updated: 255
2026-05-15 18:45:48,701 DEBUG [backend.app.services.bambu_mqtt] [-] [[SERIAL]] Merged AMS data: 2 new units, 2 total
2026-05-15 18:45:48,701 DEBUG [backend.app.services.bambu_mqtt] [-] [[SERIAL]] ams_status: 0 (main=0, sub=0)
2026-05-15 18:45:48,701 DEBUG [backend.app.services.bambu_mqtt] [-] [[SERIAL]] Received command response: push_status
2026-05-15 18:45:48,701 DEBUG [backend.app.services.bambu_mqtt] [-] [[SERIAL]] chamber_temper raw value: 27.0
2026-05-15 18:45:48,701 DEBUG [backend.app.services.bambu_mqtt] [-] [[SERIAL]] chamber_temper direct value: 27.0°C (heater OFF)
2026-05-15 18:45:48,701 DEBUG [backend.app.services.bambu_mqtt] [-] [[SERIAL]] Chamber heating calculated: target=0.0, current=27.0, heating=False, respect_local=False
2026-05-15 18:45:48,701 DEBUG [backend.app.services.bambu_mqtt] [-] [[SERIAL]] Chamber temp updated to: 27.0, target: 0.0, heating: False
2026-05-15 18:45:48,701 DEBUG [backend.app.services.bambu_mqtt] [-] [[SERIAL]] HMS data received: []
2026-05-15 18:45:48,701 DEBUG [backend.app.services.bambu_mqtt] [-] [[SERIAL]] ipcam field: {'agora_service': 'disable', 'ipcam_dev': '1', 'ipcam_record': 'disable', 'mode_bits': 2, 'resolution': '1080p', 'rtsp_url': 'rtsps://[IP]:322/streaming/live/1', 'timelapse': 'disable', 'tutk_server': 'disable'}
2026-05-15 18:45:48,701 DEBUG [backend.app.services.bambu_mqtt] [-] [[SERIAL]] wifi_signal received: -42dBm
2026-05-15 18:45:48,701 DEBUG [backend.app.services.bambu_mqtt] [-] [[SERIAL]] lights_report: [{'mode': 'on', 'node': 'chamber_light'}, {'mode': 'flashing', 'node': 'work_light'}]
2026-05-15 18:45:48,701 DEBUG [backend.app.services.bambu_mqtt] [-] [[SERIAL]] gcode_state: IDLE -> IDLE, file: , subtask: 
2026-05-15 18:45:49,491 DEBUG [backend.app.services.bambu_mqtt] [-] [[SERIAL]] Found xcam inside print data: {'allow_skip_parts': False, 'buildplate_marker_detector': True, 'first_layer_inspector': False, 'halt_print_sensitivity': 'medium', 'print_halt': True, 'printing_monitor': False, 'spaghetti_detector': False}
2026-05-15 18:45:49,491 DEBUG [backend.app.services.bambu_mqtt] [-] [[SERIAL]] Parsing xcam data - all fields: ['allow_skip_parts', 'buildplate_marker_detector', 'first_layer_inspector', 'halt_print_sensitivity', 'print_halt', 'printing_monitor', 'spaghetti_detector']
2026-05-15 18:45:49,491 DEBUG [backend.app.services.bambu_mqtt] [-] [[SERIAL]] Received gcode_state: IDLE, gcode_file: , subtask_name: 
2026-05-15 18:45:49,491 DEBUG [backend.app.services.bambu_mqtt] [-] [[SERIAL]] AMS dict fields: {'ams_exist_bits': '3', 'ams_exist_bits_raw': '3', 'insert_flag': True, 'power_on_flag': False, 'tray_exist_bits': 'ee', 'tray_is_bbl_bits': 'ee', 'tray_now': '255', 'tray_pre': '255', 'tray_read_done_bits': 'ee', 'tray_reading_bits': '0', 'tray_tar': '255', 'version': 2234}
2026-05-15 18:45:49,491 DEBUG [backend.app.services.bambu_mqtt] [-] [[SERIAL]] tray_now updated: 255
2026-05-15 18:45:49,491 DEBUG [backend.app.services.bambu_mqtt] [-] [[SERIAL]] Merged AMS data: 2 new units, 2 total
2026-05-15 18:45:49,492 DEBUG [backend.app.services.bambu_mqtt] [-] [[SERIAL]] ams_status: 0 (main=0, sub=0)
2026-05-15 18:45:49,492 DEBUG [backend.app.services.bambu_mqtt] [-] [[SERIAL]] Received command response: push_status
2026-05-15 18:45:49,492 DEBUG [backend.app.services.bambu_mqtt] [-] [[SERIAL]] chamber_temper raw value: 27.0
2026-05-15 18:45:49,492 DEBUG [backend.app.services.bambu_mqtt] [-] [[SERIAL]] chamber_temper direct value: 27.0°C (heater OFF)
2026-05-15 18:45:49,492 DEBUG [backend.app.services.bambu_mqtt] [-] [[SERIAL]] Chamber heating calculated: target=0.0, current=27.0, heating=False, respect_local=False
2026-05-15 18:45:49,492 DEBUG [backend.app.services.bambu_mqtt] [-] [[SERIAL]] Chamber temp updated to: 27.0, target: 0.0, heating: False
2026-05-15 18:45:49,492 DEBUG [backend.app.services.bambu_mqtt] [-] [[SERIAL]] HMS data received: []
2026-05-15 18:45:49,492 DEBUG [backend.app.services.bambu_mqtt] [-] [[SERIAL]] ipcam field: {'agora_service': 'disable', 'ipcam_dev': '1', 'ipcam_record': 'disable', 'mode_bits': 2, 'resolution': '1080p', 'rtsp_url': 'rtsps://[IP]:322/streaming/live/1', 'timelapse': 'disable', 'tutk_server': 'disable'}
2026-05-15 18:45:49,492 DEBUG [backend.app.services.bambu_mqtt] [-] [[SERIAL]] wifi_signal received: -47dBm
2026-05-15 18:45:49,492 DEBUG [backend.app.services.bambu_mqtt] [-] [[SERIAL]] lights_report: [{'mode': 'on', 'node': 'chamber_light'}, {'mode': 'flashing', 'node': 'work_light'}]
2026-05-15 18:45:49,492 DEBUG [backend.app.services.bambu_mqtt] [-] [[SERIAL]] gcode_state: IDLE -> IDLE, file: , subtask: 
2026-05-15 18:45:49,716 DEBUG [backend.app.services.bambu_mqtt] [-] [[SERIAL]] Found xcam inside print data: {'allow_skip_parts': False, 'buildplate_marker_detector': True, 'first_layer_inspector': False, 'halt_print_sensitivity': 'medium', 'print_halt': True, 'printing_monitor': False, 'spaghetti_detector': False}
2026-05-15 18:45:49,716 DEBUG [backend.app.services.bambu_mqtt] [-] [[SERIAL]] Parsing xcam data - all fields: ['allow_skip_parts', 'buildplate_marker_detector', 'first_layer_inspector', 'halt_print_sensitivity', 'print_halt', 'printing_monitor', 'spaghetti_detector']
2026-05-15 18:45:49,716 DEBUG [backend.app.services.bambu_mqtt] [-] [[SERIAL]] Received gcode_state: IDLE, gcode_file: , subtask_name: 
2026-05-15 18:45:49,716 DEBUG [backend.app.services.bambu_mqtt] [-] [[SERIAL]] AMS dict fields: {'ams_exist_bits': '3', 'ams_exist_bits_raw': '3', 'insert_flag': True, 'power_on_flag': False, 'tray_exist_bits': '7', 'tray_is_bbl_bits': '7', 'tray_now': '255', 'tray_pre': '255', 'tray_read_done_bits': '7', 'tray_reading_bits': '0', 'tray_tar': '255', 'version': 1846}
2026-05-15 18:45:49,716 DEBUG [backend.app.services.bambu_mqtt] [-] [[SERIAL]] tray_now updated: 255
2026-05-15 18:45:49,716 DEBUG [backend.app.services.bambu_mqtt] [-] [[SERIAL]] Merged AMS data: 2 new units, 2 total
2026-05-15 18:45:49,716 DEBUG [backend.app.services.bambu_mqtt] [-] [[SERIAL]] ams_status: 0 (main=0, sub=0)
2026-05-15 18:45:49,716 DEBUG [backend.app.services.bambu_mqtt] [-] [[SERIAL]] Received command response: push_status
2026-05-15 18:45:49,716 DEBUG [backend.app.services.bambu_mqtt] [-] [[SERIAL]] chamber_temper raw value: 27.0
2026-05-15 18:45:49,716 DEBUG [backend.app.services.bambu_mqtt] [-] [[SERIAL]] chamber_temper direct value: 27.0°C (heater OFF)
2026-05-15 18:45:49,716 DEBUG [backend.app.services.bambu_mqtt] [-] [[SERIAL]] Chamber heating calculated: target=0.0, current=27.0, heating=False, respect_local=False
2026-05-15 18:45:49,716 DEBUG [backend.app.services.bambu_mqtt] [-] [[SERIAL]] Chamber temp updated to: 27.0, target: 0.0, heating: False
2026-05-15 18:45:49,716 DEBUG [backend.app.services.bambu_mqtt] [-] [[SERIAL]] HMS data received: []
2026-05-15 18:45:49,716 DEBUG [backend.app.services.bambu_mqtt] [-] [[SERIAL]] ipcam field: {'agora_service': 'disable', 'ipcam_dev': '1', 'ipcam_record': 'disable', 'mode_bits': 2, 'resolution': '1080p', 'rtsp_url': 'rtsps://[IP]:322/streaming/live/1', 'timelapse': 'disable', 'tutk_server': 'disable'}
2026-05-15 18:45:49,716 DEBUG [backend.app.services.bambu_mqtt] [-] [[SERIAL]] wifi_signal received: -42dBm
2026-05-15 18:45:49,716 DEBUG [backend.app.services.bambu_mqtt] [-] [[SERIAL]] lights_report: [{'mode': 'on', 'node': 'chamber_light'}, {'mode': 'flashing', 'node': 'work_light'}]
2026-05-15 18:45:49,716 DEBUG [backend.app.services.bambu_mqtt] [-] [[SERIAL]] gcode_state: IDLE -> IDLE, file: , subtask: 
2026-05-15 18:45:50,370 INFO [backend.app.api.routes.support] [f05e2f4a] Log level changed to INFO
2026-05-15 18:45:50,370 INFO [uvicorn.access] [-] [IP]:61524 - "POST /api/v1/support/debug-logging HTTP/1.1" 200
2026-05-15 18:47:13,282 INFO [backend.app.api.routes.support] [8ad701a7] Log level changed to DEBUG
2026-05-15 18:47:13,282 INFO [backend.app.api.routes.bug_report] [8ad701a7] Bug report: enabled debug logging
2026-05-15 18:47:13,282 DEBUG [backend.app.services.bambu_mqtt] [8ad701a7] [[SERIAL]] Requesting status update (pushall)
2026-05-15 18:47:13,282 DEBUG [backend.app.services.bambu_mqtt] [8ad701a7] [[SERIAL]] Requesting status update (pushall)
2026-05-15 18:47:13,283 INFO [uvicorn.access] [-] [IP]:57876 - "POST /api/v1/bug-report/start-logging HTTP/1.1" 200
2026-05-15 18:47:13,319 DEBUG [backend.app.services.bambu_mqtt] [-] [[SERIAL]] Found xcam inside print data: {'allow_skip_parts': False, 'buildplate_marker_detector': True, 'first_layer_inspector': False, 'halt_print_sensitivity': 'medium', 'print_halt': True, 'printing_monitor': False, 'spaghetti_detector': False}
2026-05-15 18:47:13,319 DEBUG [backend.app.services.bambu_mqtt] [-] [[SERIAL]] Parsing xcam data - all fields: ['allow_skip_parts', 'buildplate_marker_detector', 'first_layer_inspector', 'halt_print_sensitivity', 'print_halt', 'printing_monitor', 'spaghetti_detector']
2026-05-15 18:47:13,319 DEBUG [backend.app.services.bambu_mqtt] [-] [[SERIAL]] Received gcode_state: IDLE, gcode_file: , subtask_name: 
2026-05-15 18:47:13,319 DEBUG [backend.app.services.bambu_mqtt] [-] [[SERIAL]] AMS dict fields: {'ams_exist_bits': '3', 'ams_exist_bits_raw': '3', 'insert_flag': True, 'power_on_flag': False, 'tray_exist_bits': 'ee', 'tray_is_bbl_bits': 'ee', 'tray_now': '255', 'tray_pre': '255', 'tray_read_done_bits': 'ee', 'tray_reading_bits': '0', 'tray_tar': '255', 'version': 2234}
2026-05-15 18:47:13,319 DEBUG [backend.app.services.bambu_mqtt] [-] [[SERIAL]] tray_now updated: 255
2026-05-15 18:47:13,319 DEBUG [backend.app.services.bambu_mqtt] [-] [[SERIAL]] Merged AMS data: 2 new units, 2 total
2026-05-15 18:47:13,319 DEBUG [backend.app.services.bambu_mqtt] [-] [[SERIAL]] ams_status: 0 (main=0, sub=0)
2026-05-15 18:47:13,319 DEBUG [backend.app.services.bambu_mqtt] [-] [[SERIAL]] Received command response: push_status
2026-05-15 18:47:13,319 DEBUG [backend.app.services.bambu_mqtt] [-] [[SERIAL]] chamber_temper raw value: 27.0
2026-05-15 18:47:13,319 DEBUG [backend.app.services.bambu_mqtt] [-] [[SERIAL]] chamber_temper direct value: 27.0°C (heater OFF)
2026-05-15 18:47:13,319 DEBUG [backend.app.services.bambu_mqtt] [-] [[SERIAL]] Chamber heating calculated: target=0.0, current=27.0, heating=False, respect_local=False
2026-05-15 18:47:13,319 DEBUG [backend.app.services.bambu_mqtt] [-] [[SERIAL]] Chamber temp updated to: 27.0, target: 0.0, heating: False
2026-05-15 18:47:13,319 DEBUG [backend.app.services.bambu_mqtt] [-] [[SERIAL]] HMS data received: []
2026-05-15 18:47:13,319 DEBUG [backend.app.services.bambu_mqtt] [-] [[SERIAL]] ipcam field: {'agora_service': 'disable', 'ipcam_dev': '1', 'ipcam_record': 'disable', 'mode_bits': 2, 'resolution': '1080p', 'rtsp_url': 'rtsps://[IP]:322/streaming/live/1', 'timelapse': 'disable', 'tutk_server': 'disable'}
2026-05-15 18:47:13,319 DEBUG [backend.app.services.bambu_mqtt] [-] [[SERIAL]] wifi_signal received: -47dBm
2026-05-15 18:47:13,320 DEBUG [backend.app.services.bambu_mqtt] [-] [[SERIAL]] lights_report: [{'mode': 'on', 'node': 'chamber_light'}, {'mode': 'flashing', 'node': 'work_light'}]
2026-05-15 18:47:13,320 DEBUG [backend.app.services.bambu_mqtt] [-] [[SERIAL]] gcode_state: IDLE -> IDLE, file: , subtask: 
2026-05-15 18:47:13,454 DEBUG [backend.app.services.bambu_mqtt] [-] [[SERIAL]] Found xcam inside print data: {'allow_skip_parts': False, 'buildplate_marker_detector': True, 'first_layer_inspector': False, 'halt_print_sensitivity': 'medium', 'print_halt': True, 'printing_monitor': False, 'spaghetti_detector': False}
2026-05-15 18:47:13,454 DEBUG [backend.app.services.bambu_mqtt] [-] [[SERIAL]] Parsing xcam data - all fields: ['allow_skip_parts', 'buildplate_marker_detector', 'first_layer_inspector', 'halt_print_sensitivity', 'print_halt', 'printing_monitor', 'spaghetti_detector']
2026-05-15 18:47:13,454 DEBUG [backend.app.services.bambu_mqtt] [-] [[SERIAL]] Received gcode_state: IDLE, gcode_file: , subtask_name: 
2026-05-15 18:47:13,454 DEBUG [backend.app.services.bambu_mqtt] [-] [[SERIAL]] AMS dict fields: {'ams_exist_bits': '3', 'ams_exist_bits_raw': '3', 'insert_flag': True, 'power_on_flag': False, 'tray_exist_bits': '7', 'tray_is_bbl_bits': '7', 'tray_now': '255', 'tray_pre': '255', 'tray_read_done_bits': '7', 'tray_reading_bits': '0', 'tray_tar': '255', 'version': 1850}
2026-05-15 18:47:13,454 DEBUG [backend.app.services.bambu_mqtt] [-] [[SERIAL]] tray_now updated: 255
2026-05-15 18:47:13,454 DEBUG [backend.app.services.bambu_mqtt] [-] [[SERIAL]] Merged AMS data: 2 new units, 2 total
2026-05-15 18:47:13,454 DEBUG [backend.app.services.bambu_mqtt] [-] [[SERIAL]] ams_status: 0 (main=0, sub=0)
2026-05-15 18:47:13,454 DEBUG [backend.app.services.bambu_mqtt] [-] [[SERIAL]] Received command response: push_status
2026-05-15 18:47:13,454 DEBUG [backend.app.services.bambu_mqtt] [-] [[SERIAL]] chamber_temper raw value: 27.0
2026-05-15 18:47:13,454 DEBUG [backend.app.services.bambu_mqtt] [-] [[SERIAL]] chamber_temper direct value: 27.0°C (heater OFF)
2026-05-15 18:47:13,454 DEBUG [backend.app.services.bambu_mqtt] [-] [[SERIAL]] Chamber heating calculated: target=0.0, current=27.0, heating=False, respect_local=False
2026-05-15 18:47:13,455 DEBUG [backend.app.services.bambu_mqtt] [-] [[SERIAL]] Chamber temp updated to: 27.0, target: 0.0, heating: False
2026-05-15 18:47:13,455 DEBUG [backend.app.services.bambu_mqtt] [-] [[SERIAL]] HMS data received: []
2026-05-15 18:47:13,455 DEBUG [backend.app.services.bambu_mqtt] [-] [[SERIAL]] ipcam field: {'agora_service': 'disable', 'ipcam_dev': '1', 'ipcam_record': 'disable', 'mode_bits': 2, 'resolution': '1080p', 'rtsp_url': 'rtsps://[IP]:322/streaming/live/1', 'timelapse': 'disable', 'tutk_server': 'disable'}
2026-05-15 18:47:13,455 DEBUG [backend.app.services.bambu_mqtt] [-] [[SERIAL]] wifi_signal received: -42dBm
2026-05-15 18:47:13,455 DEBUG [backend.app.services.bambu_mqtt] [-] [[SERIAL]] lights_report: [{'mode': 'on', 'node': 'chamber_light'}, {'mode': 'flashing', 'node': 'work_light'}]
2026-05-15 18:47:13,455 DEBUG [backend.app.services.bambu_mqtt] [-] [[SERIAL]] gcode_state: IDLE -> IDLE, file: , subtask: 