2026-05-16 16:37:08,694 DEBUG [backend.app.services.bambu_mqtt] [-] [[SERIAL]] Received gcode_state: RUNNING, gcode_file: /data/Metadata/plate_2.gcode, subtask_name: PTFE_Tube_Container_plate_2
2026-05-16 16:37:08,694 DEBUG [backend.app.services.bambu_mqtt] [-] [[SERIAL]] AMS dict fields: {'ams_exist_bits': '13', 'ams_exist_bits_raw': '13', 'cali_id': 255, 'cali_stat': 0, 'insert_flag': True, 'power_on_flag': False, 'tray_exist_bits': '100ef', 'tray_is_bbl_bits': '100ef', 'tray_now': '3', 'tray_pre': '3', 'tray_read_done_bits': '100ef', 'tray_reading_bits': '0', 'tray_tar': '3', 'unbind_ams_stat': 0, 'version': 36982}
2026-05-16 16:37:08,694 DEBUG [backend.app.services.bambu_mqtt] [-] [[SERIAL]] tray_now updated: 3
2026-05-16 16:37:08,695 DEBUG [backend.app.services.bambu_mqtt] [-] [[SERIAL]] Merged AMS data: 3 new units, 3 total
2026-05-16 16:37:08,695 DEBUG [backend.app.services.bambu_mqtt] [-] [[SERIAL]] AMS 0 info=0x2003 -> extruder 0
2026-05-16 16:37:08,695 DEBUG [backend.app.services.bambu_mqtt] [-] [[SERIAL]] AMS 1 info=0x2003 -> extruder 0
2026-05-16 16:37:08,695 DEBUG [backend.app.services.bambu_mqtt] [-] [[SERIAL]] AMS 128 info=0x2004 -> extruder 0
2026-05-16 16:37:08,695 DEBUG [backend.app.services.bambu_mqtt] [-] [[SERIAL]] ams_extruder_map: {'0': 0, '1': 0, '128': 0}
2026-05-16 16:37:08,695 DEBUG [backend.app.services.bambu_mqtt] [-] [[SERIAL]] ams_status: 768 (main=3, sub=0)
2026-05-16 16:37:08,695 DEBUG [backend.app.services.bambu_mqtt] [-] [[SERIAL]] Received command response: push_status
2026-05-16 16:37:08,695 DEBUG [backend.app.services.bambu_mqtt] [-] [[SERIAL]] device.extruder.state=2 (switch_state bits 12-14: 0)
2026-05-16 16:37:08,696 DEBUG [backend.app.services.bambu_mqtt] [-] [[SERIAL]] info.temp direct: 33°C (heater OFF)
2026-05-16 16:37:08,696 DEBUG [backend.app.services.bambu_mqtt] [-] [[SERIAL]] ctc_info keys: ['temp']
2026-05-16 16:37:08,696 DEBUG [backend.app.services.bambu_mqtt] [-] [[SERIAL]] Chamber heating calculated: target=0.0, current=33.0, heating=False, respect_local=False
2026-05-16 16:37:08,696 DEBUG [backend.app.services.bambu_mqtt] [-] [[SERIAL]] Chamber temp updated to: 33.0, target: 0.0, heating: False
2026-05-16 16:37:08,696 DEBUG [backend.app.services.bambu_mqtt] [-] [[SERIAL]] HMS data received: [{'attr': 201326848, 'code': 131099}, {'attr': 83886848, 'code': 65546}, {'attr': 83887616, 'code': 131169}, {'attr': 83887616, 'code': 131153}, {'attr': 83887616, 'code': 131077}, {'attr': 83887616, 'code': 131154}]
2026-05-16 16:37:08,696 DEBUG [backend.app.services.bambu_mqtt] [-] [[SERIAL]] ipcam field: {'agora_service': 'disable', 'brtc_service': 'enable', 'bs_state': 0, 'cap_pic_enable': 'invalid', 'ipcam_dev': '1', 'ipcam_record': 'enable', 'laser_preview_res': 6, 'mode_bits': 2, 'resolution': '1080p', 'rtsp_url': 'rtsps://[IP]:322/streaming/live/1', 'timelapse': 'enable', 'tl_store_hpd_type': 2, 'tl_store_path_type': 2, 'tutk_server': 'disable'}
2026-05-16 16:37:08,696 DEBUG [backend.app.services.bambu_mqtt] [-] [[SERIAL]] Timelapse detected during print (from ipcam)
2026-05-16 16:37:08,696 DEBUG [backend.app.services.bambu_mqtt] [-] [[SERIAL]] wifi_signal received: -62dBm
2026-05-16 16:37:08,697 DEBUG [backend.app.services.bambu_mqtt] [-] [[SERIAL]] lights_report: [{'mode': 'on', 'node': 'chamber_light'}, {'mode': 'flashing', 'node': 'work_light'}, {'mode': 'on', 'node': 'chamber_light2'}]
2026-05-16 16:37:08,697 DEBUG [backend.app.services.bambu_mqtt] [-] [[SERIAL]] MQTT mapping field: [65535, 3]
2026-05-16 16:37:08,697 DEBUG [backend.app.services.bambu_mqtt] [-] [[SERIAL]] gcode_state: RUNNING -> RUNNING, file: /data/Metadata/plate_2.gcode, subtask: PTFE_Tube_Container_plate_2
2026-05-16 16:37:09,858 DEBUG [backend.app.services.bambu_mqtt] [-] [[SERIAL]] Found xcam inside print data: {'allow_skip_parts': False, 'buildplate_marker_detector': True, 'cfg': 1797559, 'first_layer_inspector': True, 'halt_print_sensitivity': 'medium', 'print_halt': True, 'printing_monitor': True, 'spaghetti_detector': True}
2026-05-16 16:37:09,858 DEBUG [backend.app.services.bambu_mqtt] [-] [[SERIAL]] Parsing xcam data - all fields: ['allow_skip_parts', 'buildplate_marker_detector', 'cfg', 'first_layer_inspector', 'halt_print_sensitivity', 'print_halt', 'printing_monitor', 'spaghetti_detector']
2026-05-16 16:37:09,858 DEBUG [backend.app.services.bambu_mqtt] [-] [[SERIAL]] xcam cfg bitmask: 1797559 (binary: 0b110110110110110110111)
2026-05-16 16:37:09,858 DEBUG [backend.app.services.bambu_mqtt] [-] [[SERIAL]] Received gcode_state: RUNNING, gcode_file: /data/Metadata/plate_2.gcode, subtask_name: PTFE_Tube_Container_plate_2
2026-05-16 16:37:09,859 DEBUG [backend.app.services.bambu_mqtt] [-] [[SERIAL]] AMS dict fields: {'ams_exist_bits': '13', 'ams_exist_bits_raw': '13', 'cali_id': 255, 'cali_stat': 0, 'insert_flag': True, 'power_on_flag': False, 'tray_exist_bits': '100ef', 'tray_is_bbl_bits': '100ef', 'tray_now': '3', 'tray_pre': '3', 'tray_read_done_bits': '100ef', 'tray_reading_bits': '0', 'tray_tar': '3', 'unbind_ams_stat': 0, 'version': 36982}
2026-05-16 16:37:09,859 DEBUG [backend.app.services.bambu_mqtt] [-] [[SERIAL]] tray_now updated: 3
2026-05-16 16:37:09,859 DEBUG [backend.app.services.bambu_mqtt] [-] [[SERIAL]] Merged AMS data: 3 new units, 3 total
2026-05-16 16:37:09,859 DEBUG [backend.app.services.bambu_mqtt] [-] [[SERIAL]] AMS 0 info=0x2003 -> extruder 0
2026-05-16 16:37:09,859 DEBUG [backend.app.services.bambu_mqtt] [-] [[SERIAL]] AMS 1 info=0x2003 -> extruder 0
2026-05-16 16:37:09,859 DEBUG [backend.app.services.bambu_mqtt] [-] [[SERIAL]] AMS 128 info=0x2004 -> extruder 0
2026-05-16 16:37:09,859 DEBUG [backend.app.services.bambu_mqtt] [-] [[SERIAL]] ams_extruder_map: {'0': 0, '1': 0, '128': 0}
2026-05-16 16:37:09,859 DEBUG [backend.app.services.bambu_mqtt] [-] [[SERIAL]] ams_status: 768 (main=3, sub=0)
2026-05-16 16:37:09,860 DEBUG [backend.app.services.bambu_mqtt] [-] [[SERIAL]] Received command response: push_status
2026-05-16 16:37:09,860 DEBUG [backend.app.services.bambu_mqtt] [-] [[SERIAL]] device.extruder.state=2 (switch_state bits 12-14: 0)
2026-05-16 16:37:09,860 DEBUG [backend.app.services.bambu_mqtt] [-] [[SERIAL]] info.temp direct: 33°C (heater OFF)
2026-05-16 16:37:09,860 DEBUG [backend.app.services.bambu_mqtt] [-] [[SERIAL]] ctc_info keys: ['temp']
2026-05-16 16:37:09,860 DEBUG [backend.app.services.bambu_mqtt] [-] [[SERIAL]] Chamber heating calculated: target=0.0, current=33.0, heating=False, respect_local=False
2026-05-16 16:37:09,860 DEBUG [backend.app.services.bambu_mqtt] [-] [[SERIAL]] Chamber temp updated to: 33.0, target: 0.0, heating: False
2026-05-16 16:37:09,860 DEBUG [backend.app.services.bambu_mqtt] [-] [[SERIAL]] HMS data received: [{'attr': 201326848, 'code': 131099}, {'attr': 83886848, 'code': 65546}, {'attr': 83887616, 'code': 131169}, {'attr': 83887616, 'code': 131153}, {'attr': 83887616, 'code': 131077}, {'attr': 83887616, 'code': 131154}]
2026-05-16 16:37:09,861 DEBUG [backend.app.services.bambu_mqtt] [-] [[SERIAL]] ipcam field: {'agora_service': 'disable', 'brtc_service': 'enable', 'bs_state': 0, 'cap_pic_enable': 'invalid', 'ipcam_dev': '1', 'ipcam_record': 'enable', 'laser_preview_res': 6, 'mode_bits': 2, 'resolution': '1080p', 'rtsp_url': 'rtsps://[IP]:322/streaming/live/1', 'timelapse': 'enable', 'tl_store_hpd_type': 2, 'tl_store_path_type': 2, 'tutk_server': 'disable'}
2026-05-16 16:37:09,861 DEBUG [backend.app.services.bambu_mqtt] [-] [[SERIAL]] Timelapse detected during print (from ipcam)
2026-05-16 16:37:09,861 DEBUG [backend.app.services.bambu_mqtt] [-] [[SERIAL]] wifi_signal received: -62dBm
2026-05-16 16:37:09,861 DEBUG [backend.app.services.bambu_mqtt] [-] [[SERIAL]] lights_report: [{'mode': 'on', 'node': 'chamber_light'}, {'mode': 'flashing', 'node': 'work_light'}, {'mode': 'on', 'node': 'chamber_light2'}]
2026-05-16 16:37:09,861 DEBUG [backend.app.services.bambu_mqtt] [-] [[SERIAL]] MQTT mapping field: [65535, 3]
2026-05-16 16:37:09,861 DEBUG [backend.app.services.bambu_mqtt] [-] [[SERIAL]] gcode_state: RUNNING -> RUNNING, file: /data/Metadata/plate_2.gcode, subtask: PTFE_Tube_Container_plate_2
2026-05-16 16:37:10,894 DEBUG [backend.app.services.bambu_mqtt] [-] [[SERIAL]] Found xcam inside print data: {'allow_skip_parts': False, 'buildplate_marker_detector': True, 'cfg': 1797559, 'first_layer_inspector': True, 'halt_print_sensitivity': 'medium', 'print_halt': True, 'printing_monitor': True, 'spaghetti_detector': True}
2026-05-16 16:37:10,894 DEBUG [backend.app.services.bambu_mqtt] [-] [[SERIAL]] Parsing xcam data - all fields: ['allow_skip_parts', 'buildplate_marker_detector', 'cfg', 'first_layer_inspector', 'halt_print_sensitivity', 'print_halt', 'printing_monitor', 'spaghetti_detector']
2026-05-16 16:37:10,894 DEBUG [backend.app.services.bambu_mqtt] [-] [[SERIAL]] xcam cfg bitmask: 1797559 (binary: 0b110110110110110110111)
2026-05-16 16:37:10,894 DEBUG [backend.app.services.bambu_mqtt] [-] [[SERIAL]] Received gcode_state: RUNNING, gcode_file: /data/Metadata/plate_2.gcode, subtask_name: PTFE_Tube_Container_plate_2
2026-05-16 16:37:10,894 DEBUG [backend.app.services.bambu_mqtt] [-] [[SERIAL]] AMS dict fields: {'ams_exist_bits': '13', 'ams_exist_bits_raw': '13', 'cali_id': 255, 'cali_stat': 0, 'insert_flag': True, 'power_on_flag': False, 'tray_exist_bits': '100ef', 'tray_is_bbl_bits': '100ef', 'tray_now': '3', 'tray_pre': '3', 'tray_read_done_bits': '100ef', 'tray_reading_bits': '0', 'tray_tar': '3', 'unbind_ams_stat': 0, 'version': 36982}
2026-05-16 16:37:10,895 DEBUG [backend.app.services.bambu_mqtt] [-] [[SERIAL]] tray_now updated: 3
2026-05-16 16:37:10,895 DEBUG [backend.app.services.bambu_mqtt] [-] [[SERIAL]] Merged AMS data: 3 new units, 3 total
2026-05-16 16:37:10,895 DEBUG [backend.app.services.bambu_mqtt] [-] [[SERIAL]] AMS 0 info=0x2003 -> extruder 0
2026-05-16 16:37:10,895 DEBUG [backend.app.services.bambu_mqtt] [-] [[SERIAL]] AMS 1 info=0x2003 -> extruder 0
2026-05-16 16:37:10,895 DEBUG [backend.app.services.bambu_mqtt] [-] [[SERIAL]] AMS 128 info=0x2004 -> extruder 0
2026-05-16 16:37:10,895 DEBUG [backend.app.services.bambu_mqtt] [-] [[SERIAL]] ams_extruder_map: {'0': 0, '1': 0, '128': 0}
2026-05-16 16:37:10,895 DEBUG [backend.app.services.bambu_mqtt] [-] [[SERIAL]] ams_status: 768 (main=3, sub=0)
2026-05-16 16:37:10,896 DEBUG [backend.app.services.bambu_mqtt] [-] [[SERIAL]] Received command response: push_status
2026-05-16 16:37:10,896 DEBUG [backend.app.services.bambu_mqtt] [-] [[SERIAL]] device.extruder.state=2 (switch_state bits 12-14: 0)
2026-05-16 16:37:10,896 DEBUG [backend.app.services.bambu_mqtt] [-] [[SERIAL]] info.temp direct: 33°C (heater OFF)
2026-05-16 16:37:10,896 DEBUG [backend.app.services.bambu_mqtt] [-] [[SERIAL]] ctc_info keys: ['temp']
2026-05-16 16:37:10,896 DEBUG [backend.app.services.bambu_mqtt] [-] [[SERIAL]] Chamber heating calculated: target=0.0, current=33.0, heating=False, respect_local=False
2026-05-16 16:37:10,896 DEBUG [backend.app.services.bambu_mqtt] [-] [[SERIAL]] Chamber temp updated to: 33.0, target: 0.0, heating: False
2026-05-16 16:37:10,896 DEBUG [backend.app.services.bambu_mqtt] [-] [[SERIAL]] HMS data received: [{'attr': 201326848, 'code': 131099}, {'attr': 83886848, 'code': 65546}, {'attr': 83887616, 'code': 131169}, {'attr': 83887616, 'code': 131153}, {'attr': 83887616, 'code': 131077}, {'attr': 83887616, 'code': 131154}]
2026-05-16 16:37:10,897 DEBUG [backend.app.services.bambu_mqtt] [-] [[SERIAL]] ipcam field: {'agora_service': 'disable', 'brtc_service': 'enable', 'bs_state': 0, 'cap_pic_enable': 'invalid', 'ipcam_dev': '1', 'ipcam_record': 'enable', 'laser_preview_res': 6, 'mode_bits': 2, 'resolution': '1080p', 'rtsp_url': 'rtsps://[IP]:322/streaming/live/1', 'timelapse': 'enable', 'tl_store_hpd_type': 2, 'tl_store_path_type': 2, 'tutk_server': 'disable'}
2026-05-16 16:37:10,897 DEBUG [backend.app.services.bambu_mqtt] [-] [[SERIAL]] Timelapse detected during print (from ipcam)
2026-05-16 16:37:10,897 DEBUG [backend.app.services.bambu_mqtt] [-] [[SERIAL]] wifi_signal received: -62dBm
2026-05-16 16:37:10,897 DEBUG [backend.app.services.bambu_mqtt] [-] [[SERIAL]] lights_report: [{'mode': 'on', 'node': 'chamber_light'}, {'mode': 'flashing', 'node': 'work_light'}, {'mode': 'on', 'node': 'chamber_light2'}]
2026-05-16 16:37:10,897 DEBUG [backend.app.services.bambu_mqtt] [-] [[SERIAL]] MQTT mapping field: [65535, 3]
2026-05-16 16:37:10,897 DEBUG [backend.app.services.bambu_mqtt] [-] [[SERIAL]] gcode_state: RUNNING -> RUNNING, file: /data/Metadata/plate_2.gcode, subtask: PTFE_Tube_Container_plate_2
2026-05-16 16:37:11,977 DEBUG [backend.app.services.bambu_mqtt] [-] [[SERIAL]] Found xcam inside print data: {'allow_skip_parts': False, 'buildplate_marker_detector': True, 'cfg': 1797559, 'first_layer_inspector': True, 'halt_print_sensitivity': 'medium', 'print_halt': True, 'printing_monitor': True, 'spaghetti_detector': True}
2026-05-16 16:37:11,977 DEBUG [backend.app.services.bambu_mqtt] [-] [[SERIAL]] Parsing xcam data - all fields: ['allow_skip_parts', 'buildplate_marker_detector', 'cfg', 'first_layer_inspector', 'halt_print_sensitivity', 'print_halt', 'printing_monitor', 'spaghetti_detector']
2026-05-16 16:37:11,977 DEBUG [backend.app.services.bambu_mqtt] [-] [[SERIAL]] xcam cfg bitmask: 1797559 (binary: 0b110110110110110110111)
2026-05-16 16:37:11,977 DEBUG [backend.app.services.bambu_mqtt] [-] [[SERIAL]] Received gcode_state: RUNNING, gcode_file: /data/Metadata/plate_2.gcode, subtask_name: PTFE_Tube_Container_plate_2
2026-05-16 16:37:11,977 DEBUG [backend.app.services.bambu_mqtt] [-] [[SERIAL]] AMS dict fields: {'ams_exist_bits': '13', 'ams_exist_bits_raw': '13', 'cali_id': 255, 'cali_stat': 0, 'insert_flag': True, 'power_on_flag': False, 'tray_exist_bits': '100ef', 'tray_is_bbl_bits': '100ef', 'tray_now': '3', 'tray_pre': '3', 'tray_read_done_bits': '100ef', 'tray_reading_bits': '0', 'tray_tar': '3', 'unbind_ams_stat': 0, 'version': 36982}
2026-05-16 16:37:11,977 DEBUG [backend.app.services.bambu_mqtt] [-] [[SERIAL]] tray_now updated: 3
2026-05-16 16:37:11,977 DEBUG [backend.app.services.bambu_mqtt] [-] [[SERIAL]] Merged AMS data: 3 new units, 3 total
2026-05-16 16:37:11,978 DEBUG [backend.app.services.bambu_mqtt] [-] [[SERIAL]] AMS 0 info=0x2003 -> extruder 0
2026-05-16 16:37:11,978 DEBUG [backend.app.services.bambu_mqtt] [-] [[SERIAL]] AMS 1 info=0x2003 -> extruder 0
2026-05-16 16:37:11,978 DEBUG [backend.app.services.bambu_mqtt] [-] [[SERIAL]] AMS 128 info=0x2004 -> extruder 0
2026-05-16 16:37:11,978 DEBUG [backend.app.services.bambu_mqtt] [-] [[SERIAL]] ams_extruder_map: {'0': 0, '1': 0, '128': 0}
2026-05-16 16:37:11,978 DEBUG [backend.app.services.bambu_mqtt] [-] [[SERIAL]] ams_status: 768 (main=3, sub=0)
2026-05-16 16:37:11,978 DEBUG [backend.app.services.bambu_mqtt] [-] [[SERIAL]] Received command response: push_status
2026-05-16 16:37:11,978 DEBUG [backend.app.services.bambu_mqtt] [-] [[SERIAL]] device.extruder.state=2 (switch_state bits 12-14: 0)
2026-05-16 16:37:11,978 DEBUG [backend.app.services.bambu_mqtt] [-] [[SERIAL]] info.temp direct: 33°C (heater OFF)
2026-05-16 16:37:11,979 DEBUG [backend.app.services.bambu_mqtt] [-] [[SERIAL]] ctc_info keys: ['temp']
2026-05-16 16:37:11,979 DEBUG [backend.app.services.bambu_mqtt] [-] [[SERIAL]] Chamber heating calculated: target=0.0, current=33.0, heating=False, respect_local=False
2026-05-16 16:37:11,979 DEBUG [backend.app.services.bambu_mqtt] [-] [[SERIAL]] Chamber temp updated to: 33.0, target: 0.0, heating: False
2026-05-16 16:37:11,979 DEBUG [backend.app.services.bambu_mqtt] [-] [[SERIAL]] HMS data received: [{'attr': 201326848, 'code': 131099}, {'attr': 83886848, 'code': 65546}, {'attr': 83887616, 'code': 131169}, {'attr': 83887616, 'code': 131153}, {'attr': 83887616, 'code': 131077}, {'attr': 83887616, 'code': 131154}]
2026-05-16 16:37:11,979 DEBUG [backend.app.services.bambu_mqtt] [-] [[SERIAL]] ipcam field: {'agora_service': 'disable', 'brtc_service': 'enable', 'bs_state': 0, 'cap_pic_enable': 'invalid', 'ipcam_dev': '1', 'ipcam_record': 'enable', 'laser_preview_res': 6, 'mode_bits': 2, 'resolution': '1080p', 'rtsp_url': 'rtsps://[IP]:322/streaming/live/1', 'timelapse': 'enable', 'tl_store_hpd_type': 2, 'tl_store_path_type': 2, 'tutk_server': 'disable'}
2026-05-16 16:37:11,979 DEBUG [backend.app.services.bambu_mqtt] [-] [[SERIAL]] Timelapse detected during print (from ipcam)
2026-05-16 16:37:11,979 DEBUG [backend.app.services.bambu_mqtt] [-] [[SERIAL]] wifi_signal received: -62dBm
2026-05-16 16:37:11,979 DEBUG [backend.app.services.bambu_mqtt] [-] [[SERIAL]] lights_report: [{'mode': 'on', 'node': 'chamber_light'}, {'mode': 'flashing', 'node': 'work_light'}, {'mode': 'on', 'node': 'chamber_light2'}]
2026-05-16 16:37:11,980 DEBUG [backend.app.services.bambu_mqtt] [-] [[SERIAL]] MQTT mapping field: [65535, 3]
2026-05-16 16:37:11,980 DEBUG [backend.app.services.bambu_mqtt] [-] [[SERIAL]] gcode_state: RUNNING -> RUNNING, file: /data/Metadata/plate_2.gcode, subtask: PTFE_Tube_Container_plate_2
2026-05-16 16:37:13,036 DEBUG [backend.app.services.bambu_mqtt] [-] [[SERIAL]] Found xcam inside print data: {'allow_skip_parts': False, 'buildplate_marker_detector': True, 'cfg': 1797559, 'first_layer_inspector': True, 'halt_print_sensitivity': 'medium', 'print_halt': True, 'printing_monitor': True, 'spaghetti_detector': True}
2026-05-16 16:37:13,036 DEBUG [backend.app.services.bambu_mqtt] [-] [[SERIAL]] Parsing xcam data - all fields: ['allow_skip_parts', 'buildplate_marker_detector', 'cfg', 'first_layer_inspector', 'halt_print_sensitivity', 'print_halt', 'printing_monitor', 'spaghetti_detector']
2026-05-16 16:37:13,036 DEBUG [backend.app.services.bambu_mqtt] [-] [[SERIAL]] xcam cfg bitmask: 1797559 (binary: 0b110110110110110110111)
2026-05-16 16:37:13,036 DEBUG [backend.app.services.bambu_mqtt] [-] [[SERIAL]] Received gcode_state: RUNNING, gcode_file: /data/Metadata/plate_2.gcode, subtask_name: PTFE_Tube_Container_plate_2
2026-05-16 16:37:13,036 DEBUG [backend.app.services.bambu_mqtt] [-] [[SERIAL]] AMS dict fields: {'ams_exist_bits': '13', 'ams_exist_bits_raw': '13', 'cali_id': 255, 'cali_stat': 0, 'insert_flag': True, 'power_on_flag': False, 'tray_exist_bits': '100ef', 'tray_is_bbl_bits': '100ef', 'tray_now': '3', 'tray_pre': '3', 'tray_read_done_bits': '100ef', 'tray_reading_bits': '0', 'tray_tar': '3', 'unbind_ams_stat': 0, 'version': 36982}
2026-05-16 16:37:13,037 DEBUG [backend.app.services.bambu_mqtt] [-] [[SERIAL]] tray_now updated: 3
2026-05-16 16:37:13,037 DEBUG [backend.app.services.bambu_mqtt] [-] [[SERIAL]] Merged AMS data: 3 new units, 3 total
2026-05-16 16:37:13,037 DEBUG [backend.app.services.bambu_mqtt] [-] [[SERIAL]] AMS 0 info=0x2003 -> extruder 0
2026-05-16 16:37:13,037 DEBUG [backend.app.services.bambu_mqtt] [-] [[SERIAL]] AMS 1 info=0x2003 -> extruder 0
2026-05-16 16:37:13,037 DEBUG [backend.app.services.bambu_mqtt] [-] [[SERIAL]] AMS 128 info=0x2004 -> extruder 0
2026-05-16 16:37:13,037 DEBUG [backend.app.services.bambu_mqtt] [-] [[SERIAL]] ams_extruder_map: {'0': 0, '1': 0, '128': 0}
2026-05-16 16:37:13,037 DEBUG [backend.app.services.bambu_mqtt] [-] [[SERIAL]] ams_status: 768 (main=3, sub=0)
2026-05-16 16:37:13,038 DEBUG [backend.app.services.bambu_mqtt] [-] [[SERIAL]] Received command response: push_status
2026-05-16 16:37:13,038 DEBUG [backend.app.services.bambu_mqtt] [-] [[SERIAL]] device.extruder.state=2 (switch_state bits 12-14: 0)
2026-05-16 16:37:13,038 DEBUG [backend.app.services.bambu_mqtt] [-] [[SERIAL]] info.temp direct: 33°C (heater OFF)
2026-05-16 16:37:13,038 DEBUG [backend.app.services.bambu_mqtt] [-] [[SERIAL]] ctc_info keys: ['temp']
2026-05-16 16:37:13,038 DEBUG [backend.app.services.bambu_mqtt] [-] [[SERIAL]] Chamber heating calculated: target=0.0, current=33.0, heating=False, respect_local=False
2026-05-16 16:37:13,038 DEBUG [backend.app.services.bambu_mqtt] [-] [[SERIAL]] Chamber temp updated to: 33.0, target: 0.0, heating: False
2026-05-16 16:37:13,038 DEBUG [backend.app.services.bambu_mqtt] [-] [[SERIAL]] HMS data received: [{'attr': 201326848, 'code': 131099}, {'attr': 83886848, 'code': 65546}, {'attr': 83887616, 'code': 131169}, {'attr': 83887616, 'code': 131153}, {'attr': 83887616, 'code': 131077}, {'attr': 83887616, 'code': 131154}]
2026-05-16 16:37:13,038 DEBUG [backend.app.services.bambu_mqtt] [-] [[SERIAL]] ipcam field: {'agora_service': 'disable', 'brtc_service': 'enable', 'bs_state': 0, 'cap_pic_enable': 'invalid', 'ipcam_dev': '1', 'ipcam_record': 'enable', 'laser_preview_res': 6, 'mode_bits': 2, 'resolution': '1080p', 'rtsp_url': 'rtsps://[IP]:322/streaming/live/1', 'timelapse': 'enable', 'tl_store_hpd_type': 2, 'tl_store_path_type': 2, 'tutk_server': 'disable'}
2026-05-16 16:37:13,039 DEBUG [backend.app.services.bambu_mqtt] [-] [[SERIAL]] Timelapse detected during print (from ipcam)
2026-05-16 16:37:13,039 DEBUG [backend.app.services.bambu_mqtt] [-] [[SERIAL]] wifi_signal received: -62dBm
2026-05-16 16:37:13,039 DEBUG [backend.app.services.bambu_mqtt] [-] [[SERIAL]] lights_report: [{'mode': 'on', 'node': 'chamber_light'}, {'mode': 'flashing', 'node': 'work_light'}, {'mode': 'on', 'node': 'chamber_light2'}]
2026-05-16 16:37:13,039 DEBUG [backend.app.services.bambu_mqtt] [-] [[SERIAL]] MQTT mapping field: [65535, 3]
2026-05-16 16:37:13,039 DEBUG [backend.app.services.bambu_mqtt] [-] [[SERIAL]] gcode_state: RUNNING -> RUNNING, file: /data/Metadata/plate_2.gcode, subtask: PTFE_Tube_Container_plate_2
2026-05-16 16:37:14,095 DEBUG [backend.app.services.bambu_mqtt] [-] [[SERIAL]] Found xcam inside print data: {'allow_skip_parts': False, 'buildplate_marker_detector': True, 'cfg': 1797559, 'first_layer_inspector': True, 'halt_print_sensitivity': 'medium', 'print_halt': True, 'printing_monitor': True, 'spaghetti_detector': True}
2026-05-16 16:37:14,095 DEBUG [backend.app.services.bambu_mqtt] [-] [[SERIAL]] Parsing xcam data - all fields: ['allow_skip_parts', 'buildplate_marker_detector', 'cfg', 'first_layer_inspector', 'halt_print_sensitivity', 'print_halt', 'printing_monitor', 'spaghetti_detector']
2026-05-16 16:37:14,095 DEBUG [backend.app.services.bambu_mqtt] [-] [[SERIAL]] xcam cfg bitmask: 1797559 (binary: 0b110110110110110110111)
2026-05-16 16:37:14,095 DEBUG [backend.app.services.bambu_mqtt] [-] [[SERIAL]] Received gcode_state: RUNNING, gcode_file: /data/Metadata/plate_2.gcode, subtask_name: PTFE_Tube_Container_plate_2
2026-05-16 16:37:14,096 DEBUG [backend.app.services.bambu_mqtt] [-] [[SERIAL]] AMS dict fields: {'ams_exist_bits': '13', 'ams_exist_bits_raw': '13', 'cali_id': 255, 'cali_stat': 0, 'insert_flag': True, 'power_on_flag': False, 'tray_exist_bits': '100ef', 'tray_is_bbl_bits': '100ef', 'tray_now': '3', 'tray_pre': '3', 'tray_read_done_bits': '100ef', 'tray_reading_bits': '0', 'tray_tar': '3', 'unbind_ams_stat': 0, 'version': 36982}
2026-05-16 16:37:14,096 DEBUG [backend.app.services.bambu_mqtt] [-] [[SERIAL]] tray_now updated: 3
2026-05-16 16:37:14,096 DEBUG [backend.app.services.bambu_mqtt] [-] [[SERIAL]] Merged AMS data: 3 new units, 3 total
2026-05-16 16:37:14,096 DEBUG [backend.app.services.bambu_mqtt] [-] [[SERIAL]] AMS 0 info=0x2003 -> extruder 0
2026-05-16 16:37:14,096 DEBUG [backend.app.services.bambu_mqtt] [-] [[SERIAL]] AMS 1 info=0x2003 -> extruder 0
2026-05-16 16:37:14,096 DEBUG [backend.app.services.bambu_mqtt] [-] [[SERIAL]] AMS 128 info=0x2004 -> extruder 0
2026-05-16 16:37:14,096 DEBUG [backend.app.services.bambu_mqtt] [-] [[SERIAL]] ams_extruder_map: {'0': 0, '1': 0, '128': 0}
2026-05-16 16:37:14,096 DEBUG [backend.app.services.bambu_mqtt] [-] [[SERIAL]] ams_status: 768 (main=3, sub=0)
2026-05-16 16:37:14,096 DEBUG [backend.app.services.bambu_mqtt] [-] [[SERIAL]] Received command response: push_status
2026-05-16 16:37:14,096 DEBUG [backend.app.services.bambu_mqtt] [-] [[SERIAL]] device.extruder.state=2 (switch_state bits 12-14: 0)
2026-05-16 16:37:14,097 DEBUG [backend.app.services.bambu_mqtt] [-] [[SERIAL]] info.temp direct: 33°C (heater OFF)
2026-05-16 16:37:14,097 DEBUG [backend.app.services.bambu_mqtt] [-] [[SERIAL]] ctc_info keys: ['temp']
2026-05-16 16:37:14,097 DEBUG [backend.app.services.bambu_mqtt] [-] [[SERIAL]] Chamber heating calculated: target=0.0, current=33.0, heating=False, respect_local=False
2026-05-16 16:37:14,097 DEBUG [backend.app.services.bambu_mqtt] [-] [[SERIAL]] Chamber temp updated to: 33.0, target: 0.0, heating: False
2026-05-16 16:37:14,097 DEBUG [backend.app.services.bambu_mqtt] [-] [[SERIAL]] HMS data received: [{'attr': 201326848, 'code': 131099}, {'attr': 83886848, 'code': 65546}, {'attr': 83887616, 'code': 131169}, {'attr': 83887616, 'code': 131153}, {'attr': 83887616, 'code': 131077}, {'attr': 83887616, 'code': 131154}]
2026-05-16 16:37:14,097 DEBUG [backend.app.services.bambu_mqtt] [-] [[SERIAL]] ipcam field: {'agora_service': 'disable', 'brtc_service': 'enable', 'bs_state': 0, 'cap_pic_enable': 'invalid', 'ipcam_dev': '1', 'ipcam_record': 'enable', 'laser_preview_res': 6, 'mode_bits': 2, 'resolution': '1080p', 'rtsp_url': 'rtsps://[IP]:322/streaming/live/1', 'timelapse': 'enable', 'tl_store_hpd_type': 2, 'tl_store_path_type': 2, 'tutk_server': 'disable'}
2026-05-16 16:37:14,097 DEBUG [backend.app.services.bambu_mqtt] [-] [[SERIAL]] Timelapse detected during print (from ipcam)
2026-05-16 16:37:14,097 DEBUG [backend.app.services.bambu_mqtt] [-] [[SERIAL]] wifi_signal received: -62dBm
2026-05-16 16:37:14,098 DEBUG [backend.app.services.bambu_mqtt] [-] [[SERIAL]] lights_report: [{'mode': 'on', 'node': 'chamber_light'}, {'mode': 'flashing', 'node': 'work_light'}, {'mode': 'on', 'node': 'chamber_light2'}]
2026-05-16 16:37:14,098 DEBUG [backend.app.services.bambu_mqtt] [-] [[SERIAL]] MQTT mapping field: [65535, 3]
2026-05-16 16:37:14,098 DEBUG [backend.app.services.bambu_mqtt] [-] [[SERIAL]] gcode_state: RUNNING -> RUNNING, file: /data/Metadata/plate_2.gcode, subtask: PTFE_Tube_Container_plate_2
2026-05-16 16:37:14,774 DEBUG [backend.app.main] [-] [[PRINTER]] Runtime tracking: added 30s, total=1854203s (515.06h)
2026-05-16 16:37:14,776 DEBUG [backend.app.main] [-] Updated runtime for 1 printer(s)
2026-05-16 16:37:15,325 INFO [uvicorn.access] [-] [IP]:50826 - "POST /api/v1/smart-plugs/ HTTP/1.1" 422
2026-05-16 16:37:15,400 DEBUG [backend.app.services.bambu_mqtt] [-] [[SERIAL]] Found xcam inside print data: {'allow_skip_parts': False, 'buildplate_marker_detector': True, 'cfg': 1797559, 'first_layer_inspector': True, 'halt_print_sensitivity': 'medium', 'print_halt': True, 'printing_monitor': True, 'spaghetti_detector': True}
2026-05-16 16:37:15,400 DEBUG [backend.app.services.bambu_mqtt] [-] [[SERIAL]] Parsing xcam data - all fields: ['allow_skip_parts', 'buildplate_marker_detector', 'cfg', 'first_layer_inspector', 'halt_print_sensitivity', 'print_halt', 'printing_monitor', 'spaghetti_detector']
2026-05-16 16:37:15,400 DEBUG [backend.app.services.bambu_mqtt] [-] [[SERIAL]] xcam cfg bitmask: 1797559 (binary: 0b110110110110110110111)
2026-05-16 16:37:15,400 DEBUG [backend.app.services.bambu_mqtt] [-] [[SERIAL]] Received gcode_state: RUNNING, gcode_file: /data/Metadata/plate_2.gcode, subtask_name: PTFE_Tube_Container_plate_2
2026-05-16 16:37:15,401 DEBUG [backend.app.services.bambu_mqtt] [-] [[SERIAL]] AMS dict fields: {'ams_exist_bits': '13', 'ams_exist_bits_raw': '13', 'cali_id': 255, 'cali_stat': 0, 'insert_flag': True, 'power_on_flag': False, 'tray_exist_bits': '100ef', 'tray_is_bbl_bits': '100ef', 'tray_now': '3', 'tray_pre': '3', 'tray_read_done_bits': '100ef', 'tray_reading_bits': '0', 'tray_tar': '3', 'unbind_ams_stat': 0, 'version': 36982}
2026-05-16 16:37:15,401 DEBUG [backend.app.services.bambu_mqtt] [-] [[SERIAL]] tray_now updated: 3
2026-05-16 16:37:15,401 DEBUG [backend.app.services.bambu_mqtt] [-] [[SERIAL]] Merged AMS data: 3 new units, 3 total
2026-05-16 16:37:15,401 DEBUG [backend.app.services.bambu_mqtt] [-] [[SERIAL]] AMS 0 info=0x2003 -> extruder 0
2026-05-16 16:37:15,401 DEBUG [backend.app.services.bambu_mqtt] [-] [[SERIAL]] AMS 1 info=0x2003 -> extruder 0
2026-05-16 16:37:15,401 DEBUG [backend.app.services.bambu_mqtt] [-] [[SERIAL]] AMS 128 info=0x2004 -> extruder 0
2026-05-16 16:37:15,401 DEBUG [backend.app.services.bambu_mqtt] [-] [[SERIAL]] ams_extruder_map: {'0': 0, '1': 0, '128': 0}
2026-05-16 16:37:15,402 DEBUG [backend.app.services.bambu_mqtt] [-] [[SERIAL]] ams_status: 768 (main=3, sub=0)
2026-05-16 16:37:15,402 DEBUG [backend.app.services.bambu_mqtt] [-] [[SERIAL]] Received command response: push_status
2026-05-16 16:37:15,402 DEBUG [backend.app.services.bambu_mqtt] [-] [[SERIAL]] device.extruder.state=2 (switch_state bits 12-14: 0)
2026-05-16 16:37:15,402 DEBUG [backend.app.services.bambu_mqtt] [-] [[SERIAL]] info.temp direct: 33°C (heater OFF)
2026-05-16 16:37:15,402 DEBUG [backend.app.services.bambu_mqtt] [-] [[SERIAL]] ctc_info keys: ['temp']
2026-05-16 16:37:15,402 DEBUG [backend.app.services.bambu_mqtt] [-] [[SERIAL]] Chamber heating calculated: target=0.0, current=33.0, heating=False, respect_local=False
2026-05-16 16:37:15,402 DEBUG [backend.app.services.bambu_mqtt] [-] [[SERIAL]] Chamber temp updated to: 33.0, target: 0.0, heating: False
2026-05-16 16:37:15,403 DEBUG [backend.app.services.bambu_mqtt] [-] [[SERIAL]] HMS data received: [{'attr': 201326848, 'code': 131099}, {'attr': 83886848, 'code': 65546}, {'attr': 83887616, 'code': 131169}, {'attr': 83887616, 'code': 131153}, {'attr': 83887616, 'code': 131077}, {'attr': 83887616, 'code': 131154}]
2026-05-16 16:37:15,403 DEBUG [backend.app.services.bambu_mqtt] [-] [[SERIAL]] ipcam field: {'agora_service': 'disable', 'brtc_service': 'enable', 'bs_state': 0, 'cap_pic_enable': 'invalid', 'ipcam_dev': '1', 'ipcam_record': 'enable', 'laser_preview_res': 6, 'mode_bits': 2, 'resolution': '1080p', 'rtsp_url': 'rtsps://[IP]:322/streaming/live/1', 'timelapse': 'enable', 'tl_store_hpd_type': 2, 'tl_store_path_type': 2, 'tutk_server': 'disable'}
2026-05-16 16:37:15,403 DEBUG [backend.app.services.bambu_mqtt] [-] [[SERIAL]] Timelapse detected during print (from ipcam)
2026-05-16 16:37:15,403 DEBUG [backend.app.services.bambu_mqtt] [-] [[SERIAL]] wifi_signal received: -62dBm
2026-05-16 16:37:15,403 DEBUG [backend.app.services.bambu_mqtt] [-] [[SERIAL]] lights_report: [{'mode': 'on', 'node': 'chamber_light'}, {'mode': 'flashing', 'node': 'work_light'}, {'mode': 'on', 'node': 'chamber_light2'}]
2026-05-16 16:37:15,403 DEBUG [backend.app.services.bambu_mqtt] [-] [[SERIAL]] MQTT mapping field: [65535, 3]
2026-05-16 16:37:15,403 DEBUG [backend.app.services.bambu_mqtt] [-] [[SERIAL]] gcode_state: RUNNING -> RUNNING, file: /data/Metadata/plate_2.gcode, subtask: PTFE_Tube_Container_plate_2
2026-05-16 16:37:16,441 DEBUG [backend.app.services.bambu_mqtt] [-] [[SERIAL]] Found xcam inside print data: {'allow_skip_parts': False, 'buildplate_marker_detector': True, 'cfg': 1797559, 'first_layer_inspector': True, 'halt_print_sensitivity': 'medium', 'print_halt': True, 'printing_monitor': True, 'spaghetti_detector': True}
2026-05-16 16:37:16,441 DEBUG [backend.app.services.bambu_mqtt] [-] [[SERIAL]] Parsing xcam data - all fields: ['allow_skip_parts', 'buildplate_marker_detector', 'cfg', 'first_layer_inspector', 'halt_print_sensitivity', 'print_halt', 'printing_monitor', 'spaghetti_detector']
2026-05-16 16:37:16,441 DEBUG [backend.app.services.bambu_mqtt] [-] [[SERIAL]] xcam cfg bitmask: 1797559 (binary: 0b110110110110110110111)
2026-05-16 16:37:16,441 DEBUG [backend.app.services.bambu_mqtt] [-] [[SERIAL]] Received gcode_state: RUNNING, gcode_file: /data/Metadata/plate_2.gcode, subtask_name: PTFE_Tube_Container_plate_2
2026-05-16 16:37:16,441 DEBUG [backend.app.services.bambu_mqtt] [-] [[SERIAL]] AMS dict fields: {'ams_exist_bits': '13', 'ams_exist_bits_raw': '13', 'cali_id': 255, 'cali_stat': 0, 'insert_flag': True, 'power_on_flag': False, 'tray_exist_bits': '100ef', 'tray_is_bbl_bits': '100ef', 'tray_now': '3', 'tray_pre': '3', 'tray_read_done_bits': '100ef', 'tray_reading_bits': '0', 'tray_tar': '3', 'unbind_ams_stat': 0, 'version': 36982}
2026-05-16 16:37:16,441 DEBUG [backend.app.services.bambu_mqtt] [-] [[SERIAL]] tray_now updated: 3
2026-05-16 16:37:16,441 DEBUG [backend.app.services.bambu_mqtt] [-] [[SERIAL]] Merged AMS data: 3 new units, 3 total
2026-05-16 16:37:16,442 DEBUG [backend.app.services.bambu_mqtt] [-] [[SERIAL]] AMS 0 info=0x2003 -> extruder 0
2026-05-16 16:37:16,442 DEBUG [backend.app.services.bambu_mqtt] [-] [[SERIAL]] AMS 1 info=0x2003 -> extruder 0
2026-05-16 16:37:16,442 DEBUG [backend.app.services.bambu_mqtt] [-] [[SERIAL]] AMS 128 info=0x2004 -> extruder 0
2026-05-16 16:37:16,442 DEBUG [backend.app.services.bambu_mqtt] [-] [[SERIAL]] ams_extruder_map: {'0': 0, '1': 0, '128': 0}
2026-05-16 16:37:16,442 DEBUG [backend.app.services.bambu_mqtt] [-] [[SERIAL]] ams_status: 768 (main=3, sub=0)
2026-05-16 16:37:16,442 DEBUG [backend.app.services.bambu_mqtt] [-] [[SERIAL]] Received command response: push_status
2026-05-16 16:37:16,442 DEBUG [backend.app.services.bambu_mqtt] [-] [[SERIAL]] device.extruder.state=2 (switch_state bits 12-14: 0)
2026-05-16 16:37:16,442 DEBUG [backend.app.services.bambu_mqtt] [-] [[SERIAL]] info.temp direct: 33°C (heater OFF)
2026-05-16 16:37:16,443 DEBUG [backend.app.services.bambu_mqtt] [-] [[SERIAL]] ctc_info keys: ['temp']
2026-05-16 16:37:16,443 DEBUG [backend.app.services.bambu_mqtt] [-] [[SERIAL]] Chamber heating calculated: target=0.0, current=33.0, heating=False, respect_local=False
2026-05-16 16:37:16,443 DEBUG [backend.app.services.bambu_mqtt] [-] [[SERIAL]] Chamber temp updated to: 33.0, target: 0.0, heating: False
2026-05-16 16:37:16,443 DEBUG [backend.app.services.bambu_mqtt] [-] [[SERIAL]] HMS data received: [{'attr': 201326848, 'code': 131099}, {'attr': 83886848, 'code': 65546}, {'attr': 83887616, 'code': 131169}, {'attr': 83887616, 'code': 131153}, {'attr': 83887616, 'code': 131077}, {'attr': 83887616, 'code': 131154}]
2026-05-16 16:37:16,443 DEBUG [backend.app.services.bambu_mqtt] [-] [[SERIAL]] ipcam field: {'agora_service': 'disable', 'brtc_service': 'enable', 'bs_state': 0, 'cap_pic_enable': 'invalid', 'ipcam_dev': '1', 'ipcam_record': 'enable', 'laser_preview_res': 6, 'mode_bits': 2, 'resolution': '1080p', 'rtsp_url': 'rtsps://[IP]:322/streaming/live/1', 'timelapse': 'enable', 'tl_store_hpd_type': 2, 'tl_store_path_type': 2, 'tutk_server': 'disable'}
2026-05-16 16:37:16,443 DEBUG [backend.app.services.bambu_mqtt] [-] [[SERIAL]] Timelapse detected during print (from ipcam)
2026-05-16 16:37:16,443 DEBUG [backend.app.services.bambu_mqtt] [-] [[SERIAL]] wifi_signal received: -62dBm
2026-05-16 16:37:16,444 DEBUG [backend.app.services.bambu_mqtt] [-] [[SERIAL]] lights_report: [{'mode': 'on', 'node': 'chamber_light'}, {'mode': 'flashing', 'node': 'work_light'}, {'mode': 'on', 'node': 'chamber_light2'}]
2026-05-16 16:37:16,444 DEBUG [backend.app.services.bambu_mqtt] [-] [[SERIAL]] MQTT mapping field: [65535, 3]
2026-05-16 16:37:16,444 DEBUG [backend.app.services.bambu_mqtt] [-] [[SERIAL]] gcode_state: RUNNING -> RUNNING, file: /data/Metadata/plate_2.gcode, subtask: PTFE_Tube_Container_plate_2