2026-05-10 13:04:00,419 INFO [backend.app.api.routes.printers] [995c73b7] Cover: resolved plate 23 before download (subtask=微动高扭)
2026-05-10 13:04:00,420 INFO [backend.app.api.routes.printers] [995c73b7] Trying to download cover for '微动高扭' from [IP] (trying 8 paths)
2026-05-10 13:04:00,422 DEBUG [backend.app.services.bambu_ftp] [-] FTP connecting to [IP]:990 (timeout=30s, model=[PRINTER], prot_c=False)
2026-05-10 13:04:00,606 DEBUG [backend.app.api.routes.printers] [f3638537] API returning ams_mapping: [], ams_extruder_map: {'0': 0}
2026-05-10 13:04:00,607 DEBUG [backend.app.api.routes.printers] [f3638537] Using tray_now directly as global ID: 255
2026-05-10 13:04:00,745 DEBUG [backend.app.services.bambu_mqtt] [-] [[SERIAL]] Received command response: push_status
2026-05-10 13:04:00,915 DEBUG [backend.app.api.routes.printers] [d9bdf032] API returning ams_mapping: [], ams_extruder_map: {}
2026-05-10 13:04:00,916 DEBUG [backend.app.api.routes.printers] [d9bdf032] Using tray_now directly as global ID: 255
2026-05-10 13:04:02,169 DEBUG [backend.app.services.bambu_ftp] [-] FTP connected, logging in as bblp
2026-05-10 13:04:02,215 DEBUG [backend.app.services.bambu_mqtt] [-] [[SERIAL]] Found xcam inside print data: {'allow_skip_parts': False, 'buildplate_marker_detector': True, 'cfg': 8089015, 'first_layer_inspector': True, 'halt_print_sensitivity': 'medium', 'print_halt': True, 'printing_monitor': True, 'spaghetti_detector': True}
2026-05-10 13:04:02,219 DEBUG [backend.app.services.bambu_mqtt] [-] [[SERIAL]] Parsing xcam data - all fields: ['allow_skip_parts', 'buildplate_marker_detector', 'cfg', 'first_layer_inspector', 'halt_print_sensitivity', 'print_halt', 'printing_monitor', 'spaghetti_detector']
2026-05-10 13:04:02,220 DEBUG [backend.app.services.bambu_mqtt] [-] [[SERIAL]] xcam cfg bitmask: 8089015 (binary: 0b11110110110110110110111)
2026-05-10 13:04:02,221 DEBUG [backend.app.services.bambu_mqtt] [-] [[SERIAL]] Received gcode_state: RUNNING, gcode_file: /data/Metadata/plate_23.gcode, subtask_name: 微动高扭
2026-05-10 13:04:02,222 DEBUG [backend.app.services.bambu_mqtt] [-] [[SERIAL]] AMS dict fields: {'ams_exist_bits': '0', 'ams_exist_bits_raw': '0', 'cali_id': 255, 'cali_stat': 0, 'cfs': [2, 9, 5, 6, 7], 'insert_flag': True, 'power_on_flag': False, 'tray_exist_bits': '0', 'tray_hall_out_bits': '0', 'tray_is_bbl_bits': '0', 'tray_now': '0', 'tray_pre': '0', 'tray_read_done_bits': '0', 'tray_reading_bits': '0', 'tray_tar': '0', 'unbind_ams_stat': 0, 'version': 33}
2026-05-10 13:04:02,228 DEBUG [backend.app.services.bambu_mqtt] [-] [[SERIAL]] H2D tray_now: ams.tray_now slot 0 != snow slot -1, using snow value 254
2026-05-10 13:04:02,230 DEBUG [backend.app.services.bambu_mqtt] [-] [[SERIAL]] tray_now updated: 254
2026-05-10 13:04:02,231 DEBUG [backend.app.services.bambu_mqtt] [-] [[SERIAL]] Merged AMS data: 0 new units, 0 total
2026-05-10 13:04:02,231 DEBUG [backend.app.services.bambu_mqtt] [-] [[SERIAL]] ams_status: 768 (main=3, sub=0)
2026-05-10 13:04:02,232 DEBUG [backend.app.services.bambu_mqtt] [-] [[SERIAL]] Received command response: push_status
2026-05-10 13:04:02,235 DEBUG [backend.app.services.bambu_mqtt] [-] [[SERIAL]] device.extruder.state=33042 (switch_state bits 12-14: 0)
2026-05-10 13:04:02,236 DEBUG [backend.app.services.bambu_mqtt] [-] [[SERIAL]] info.temp direct: 39°C (heater OFF)
2026-05-10 13:04:02,237 DEBUG [backend.app.services.bambu_mqtt] [-] [[SERIAL]] ctc_info keys: ['temp']
2026-05-10 13:04:02,251 DEBUG [backend.app.services.bambu_mqtt] [-] [[SERIAL]] Chamber heating calculated: target=0.0, current=39.0, heating=False, respect_local=False
2026-05-10 13:04:02,257 DEBUG [backend.app.services.bambu_mqtt] [-] [[SERIAL]] Chamber temp updated to: 39.0, target: 0.0, heating: False
2026-05-10 13:04:02,259 DEBUG [backend.app.services.bambu_ftp] [-] FTP logged in, setting prot_p (protected) and passive mode
2026-05-10 13:04:02,263 DEBUG [backend.app.services.bambu_mqtt] [-] [[SERIAL]] HMS data received: [{'attr': 83887616, 'code': 131184, 'ts_boot': 24252, 'ts_unix': '20260510133511'}]
2026-05-10 13:04:02,265 DEBUG [backend.app.services.bambu_mqtt] [-] [[SERIAL]] ipcam field: {'agora_service': 'disable', 'brtc_service': 'enable', 'bs_state': 0, 'cap_pic_enable': 'invalid', 'ipcam_dev': '1', 'ipcam_record': 'enable', 'laser_preview_res': 7, 'liveview_preview': True, 'mode_bits': 2, 'resolution': '1080p', 'rtsp_url': 'rtsps://[IP]:322/streaming/live/1', 'timelapse': 'disable', 'tl_external_free_kb': 22558272, 'tl_external_total_kb': 30310720, 'tl_internal_free_kb': 962560, 'tl_internal_total_kb': 962560, 'tl_store_hpd_type': 2, 'tl_store_path_type': 2, 'tutk_server': 'disable'}
2026-05-10 13:04:02,266 DEBUG [backend.app.services.bambu_mqtt] [-] [[SERIAL]] wifi_signal received: -56dBm
2026-05-10 13:04:02,267 DEBUG [backend.app.services.bambu_mqtt] [-] [[SERIAL]] lights_report: [{'mode': 'on', 'node': 'chamber_light'}, {'mode': 'flashing', 'node': 'work_light'}]
2026-05-10 13:04:02,267 DEBUG [backend.app.services.bambu_mqtt] [-] [[SERIAL]] MQTT mapping field: [65024]
2026-05-10 13:04:02,267 DEBUG [backend.app.services.bambu_mqtt] [-] [[SERIAL]] gcode_state: RUNNING -> RUNNING, file: /data/Metadata/plate_23.gcode, subtask: 微动高扭
2026-05-10 13:04:02,283 DEBUG [backend.app.services.bambu_ftp] [-] FTP server welcome: 220 (vsFTPd 3.0.5)
2026-05-10 13:04:02,288 INFO [backend.app.services.bambu_ftp] [-] FTP connected successfully to [IP] (model=[PRINTER], prot_c=False)
2026-05-10 13:04:02,335 INFO [backend.app.services.bambu_ftp] [-] FTP download failed for /微动高扭.gcode.3mf: 550 Failed to open file. (not on printer)
2026-05-10 13:04:02,384 INFO [backend.app.services.bambu_ftp] [-] FTP download failed for /cache/微动高扭.gcode.3mf: 550 Failed to open file. (not on printer)
2026-05-10 13:04:02,443 INFO [backend.app.services.bambu_ftp] [-] FTP download failed for /model/微动高扭.gcode.3mf: 550 Failed to open file. (not on printer)
2026-05-10 13:04:02,500 INFO [backend.app.services.bambu_ftp] [-] FTP download failed for /data/微动高扭.gcode.3mf: 550 Failed to open file. (not on printer)
2026-05-10 13:04:02,551 INFO [backend.app.services.bambu_ftp] [-] FTP download failed for /微动高扭.3mf: 550 Failed to open file. (not on printer)
2026-05-10 13:04:02,601 INFO [backend.app.services.bambu_ftp] [-] FTP download failed for /cache/微动高扭.3mf: 550 Failed to open file. (not on printer)
2026-05-10 13:04:02,639 INFO [backend.app.services.bambu_ftp] [-] FTP download failed for /model/微动高扭.3mf: 550 Failed to open file. (not on printer)
2026-05-10 13:04:02,687 INFO [backend.app.services.bambu_ftp] [-] FTP download failed for /data/微动高扭.3mf: 550 Failed to open file. (not on printer)
2026-05-10 13:04:02,728 DEBUG [backend.app.services.bambu_ftp] [-] FTP connecting to [IP]:990 (timeout=30s, model=[PRINTER], prot_c=False)
2026-05-10 13:04:02,819 DEBUG [backend.app.services.bambu_mqtt] [-] [[SERIAL]] Received command response: push_status
2026-05-10 13:04:02,821 DEBUG [backend.app.services.bambu_mqtt] [-] [[SERIAL]] wifi_signal received: -47dBm
2026-05-10 13:04:03,876 DEBUG [backend.app.services.bambu_mqtt] [-] [[SERIAL]] Found xcam inside print data: {'allow_skip_parts': False, 'buildplate_marker_detector': True, 'cfg': 8089015, 'first_layer_inspector': True, 'halt_print_sensitivity': 'medium', 'print_halt': True, 'printing_monitor': True, 'spaghetti_detector': True}
2026-05-10 13:04:03,877 DEBUG [backend.app.services.bambu_mqtt] [-] [[SERIAL]] Parsing xcam data - all fields: ['allow_skip_parts', 'buildplate_marker_detector', 'cfg', 'first_layer_inspector', 'halt_print_sensitivity', 'print_halt', 'printing_monitor', 'spaghetti_detector']
2026-05-10 13:04:03,880 DEBUG [backend.app.services.bambu_mqtt] [-] [[SERIAL]] xcam cfg bitmask: 8089015 (binary: 0b11110110110110110110111)
2026-05-10 13:04:03,888 DEBUG [backend.app.services.bambu_mqtt] [-] [[SERIAL]] Received gcode_state: RUNNING, gcode_file: /data/Metadata/plate_23.gcode, subtask_name: 微动高扭
2026-05-10 13:04:03,889 DEBUG [backend.app.services.bambu_mqtt] [-] [[SERIAL]] AMS dict fields: {'ams_exist_bits': '0', 'ams_exist_bits_raw': '0', 'cali_id': 255, 'cali_stat': 0, 'cfs': [2, 9, 5, 6, 7], 'insert_flag': True, 'power_on_flag': False, 'tray_exist_bits': '0', 'tray_hall_out_bits': '0', 'tray_is_bbl_bits': '0', 'tray_now': '0', 'tray_pre': '0', 'tray_read_done_bits': '0', 'tray_reading_bits': '0', 'tray_tar': '0', 'unbind_ams_stat': 0, 'version': 33}
2026-05-10 13:04:03,890 DEBUG [backend.app.services.bambu_mqtt] [-] [[SERIAL]] H2D tray_now: ams.tray_now slot 0 != snow slot -1, using snow value 254
2026-05-10 13:04:03,891 DEBUG [backend.app.services.bambu_mqtt] [-] [[SERIAL]] tray_now updated: 254
2026-05-10 13:04:03,892 DEBUG [backend.app.services.bambu_mqtt] [-] [[SERIAL]] Merged AMS data: 0 new units, 0 total
2026-05-10 13:04:03,894 DEBUG [backend.app.services.bambu_mqtt] [-] [[SERIAL]] ams_status: 768 (main=3, sub=0)
2026-05-10 13:04:03,901 DEBUG [backend.app.services.bambu_mqtt] [-] [[SERIAL]] Received command response: push_status
2026-05-10 13:04:03,903 DEBUG [backend.app.services.bambu_mqtt] [-] [[SERIAL]] device.extruder.state=33042 (switch_state bits 12-14: 0)
2026-05-10 13:04:03,904 DEBUG [backend.app.services.bambu_mqtt] [-] [[SERIAL]] info.temp direct: 39°C (heater OFF)
2026-05-10 13:04:03,909 DEBUG [backend.app.services.bambu_mqtt] [-] [[SERIAL]] ctc_info keys: ['temp']
2026-05-10 13:04:03,910 DEBUG [backend.app.services.bambu_mqtt] [-] [[SERIAL]] Chamber heating calculated: target=0.0, current=39.0, heating=False, respect_local=False
2026-05-10 13:04:03,916 DEBUG [backend.app.services.bambu_mqtt] [-] [[SERIAL]] Chamber temp updated to: 39.0, target: 0.0, heating: False
2026-05-10 13:04:03,920 DEBUG [backend.app.services.bambu_mqtt] [-] [[SERIAL]] HMS data received: [{'attr': 83887616, 'code': 131184, 'ts_boot': 24252, 'ts_unix': '20260510133511'}]
2026-05-10 13:04:03,925 DEBUG [backend.app.services.bambu_mqtt] [-] [[SERIAL]] ipcam field: {'agora_service': 'disable', 'brtc_service': 'enable', 'bs_state': 0, 'cap_pic_enable': 'invalid', 'ipcam_dev': '1', 'ipcam_record': 'enable', 'laser_preview_res': 7, 'liveview_preview': True, 'mode_bits': 2, 'resolution': '1080p', 'rtsp_url': 'rtsps://[IP]:322/streaming/live/1', 'timelapse': 'disable', 'tl_external_free_kb': 22557248, 'tl_external_total_kb': 30310720, 'tl_internal_free_kb': 962560, 'tl_internal_total_kb': 962560, 'tl_store_hpd_type': 2, 'tl_store_path_type': 2, 'tutk_server': 'disable'}
2026-05-10 13:04:03,929 DEBUG [backend.app.services.bambu_mqtt] [-] [[SERIAL]] wifi_signal received: -56dBm
2026-05-10 13:04:03,932 DEBUG [backend.app.services.bambu_mqtt] [-] [[SERIAL]] lights_report: [{'mode': 'on', 'node': 'chamber_light'}, {'mode': 'flashing', 'node': 'work_light'}]
2026-05-10 13:04:03,933 DEBUG [backend.app.services.bambu_mqtt] [-] [[SERIAL]] MQTT mapping field: [65024]
2026-05-10 13:04:03,933 DEBUG [backend.app.services.bambu_mqtt] [-] [[SERIAL]] gcode_state: RUNNING -> RUNNING, file: /data/Metadata/plate_23.gcode, subtask: 微动高扭
2026-05-10 13:04:04,441 DEBUG [backend.app.services.bambu_ftp] [-] FTP connected, logging in as bblp
2026-05-10 13:04:04,472 DEBUG [backend.app.services.bambu_ftp] [-] FTP logged in, setting prot_p (protected) and passive mode
2026-05-10 13:04:04,496 DEBUG [backend.app.services.bambu_ftp] [-] FTP server welcome: 220 (vsFTPd 3.0.5)
2026-05-10 13:04:04,501 INFO [backend.app.services.bambu_ftp] [-] FTP connected successfully to [IP] (model=[PRINTER], prot_c=False)
2026-05-10 13:04:04,547 INFO [backend.app.services.bambu_ftp] [-] FTP download failed for /微动高扭.gcode.3mf: 550 Failed to open file. (not on printer)
2026-05-10 13:04:04,600 INFO [backend.app.services.bambu_ftp] [-] FTP download failed for /cache/微动高扭.gcode.3mf: 550 Failed to open file. (not on printer)
2026-05-10 13:04:04,666 INFO [backend.app.services.bambu_ftp] [-] FTP download failed for /model/微动高扭.gcode.3mf: 550 Failed to open file. (not on printer)
2026-05-10 13:04:04,735 INFO [backend.app.services.bambu_ftp] [-] FTP download failed for /data/微动高扭.gcode.3mf: 550 Failed to open file. (not on printer)
2026-05-10 13:04:04,819 INFO [backend.app.services.bambu_ftp] [-] FTP download failed for /微动高扭.3mf: 550 Failed to open file. (not on printer)
2026-05-10 13:04:04,898 INFO [backend.app.services.bambu_ftp] [-] FTP download failed for /cache/微动高扭.3mf: 550 Failed to open file. (not on printer)
2026-05-10 13:04:04,971 INFO [backend.app.services.bambu_ftp] [-] FTP download failed for /model/微动高扭.3mf: 550 Failed to open file. (not on printer)
2026-05-10 13:04:05,020 DEBUG [backend.app.services.bambu_mqtt] [-] [[SERIAL]] Found xcam inside print data: {'allow_skip_parts': False, 'buildplate_marker_detector': True, 'cfg': 8089015, 'first_layer_inspector': True, 'halt_print_sensitivity': 'medium', 'print_halt': True, 'printing_monitor': True, 'spaghetti_detector': True}
2026-05-10 13:04:05,022 DEBUG [backend.app.services.bambu_mqtt] [-] [[SERIAL]] Parsing xcam data - all fields: ['allow_skip_parts', 'buildplate_marker_detector', 'cfg', 'first_layer_inspector', 'halt_print_sensitivity', 'print_halt', 'printing_monitor', 'spaghetti_detector']
2026-05-10 13:04:05,025 DEBUG [backend.app.services.bambu_mqtt] [-] [[SERIAL]] xcam cfg bitmask: 8089015 (binary: 0b11110110110110110110111)
2026-05-10 13:04:05,026 DEBUG [backend.app.services.bambu_mqtt] [-] [[SERIAL]] Received gcode_state: RUNNING, gcode_file: /data/Metadata/plate_23.gcode, subtask_name: 微动高扭
2026-05-10 13:04:05,026 DEBUG [backend.app.services.bambu_mqtt] [-] [[SERIAL]] AMS dict fields: {'ams_exist_bits': '0', 'ams_exist_bits_raw': '0', 'cali_id': 255, 'cali_stat': 0, 'cfs': [2, 9, 5, 6, 7], 'insert_flag': True, 'power_on_flag': False, 'tray_exist_bits': '0', 'tray_hall_out_bits': '0', 'tray_is_bbl_bits': '0', 'tray_now': '0', 'tray_pre': '0', 'tray_read_done_bits': '0', 'tray_reading_bits': '0', 'tray_tar': '0', 'unbind_ams_stat': 0, 'version': 33}
2026-05-10 13:04:05,026 DEBUG [backend.app.services.bambu_mqtt] [-] [[SERIAL]] H2D tray_now: ams.tray_now slot 0 != snow slot -1, using snow value 254
2026-05-10 13:04:05,029 DEBUG [backend.app.services.bambu_mqtt] [-] [[SERIAL]] tray_now updated: 254
2026-05-10 13:04:05,031 DEBUG [backend.app.services.bambu_mqtt] [-] [[SERIAL]] Merged AMS data: 0 new units, 0 total
2026-05-10 13:04:05,037 DEBUG [backend.app.services.bambu_mqtt] [-] [[SERIAL]] ams_status: 768 (main=3, sub=0)
2026-05-10 13:04:05,040 DEBUG [backend.app.services.bambu_mqtt] [-] [[SERIAL]] Received command response: push_status
2026-05-10 13:04:05,044 DEBUG [backend.app.services.bambu_mqtt] [-] [[SERIAL]] device.extruder.state=33042 (switch_state bits 12-14: 0)
2026-05-10 13:04:05,051 INFO [backend.app.services.bambu_ftp] [-] FTP download failed for /data/微动高扭.3mf: 550 Failed to open file. (not on printer)
2026-05-10 13:04:05,053 DEBUG [backend.app.services.bambu_mqtt] [-] [[SERIAL]] info.temp direct: 39°C (heater OFF)
2026-05-10 13:04:05,057 DEBUG [backend.app.services.bambu_mqtt] [-] [[SERIAL]] ctc_info keys: ['temp']
2026-05-10 13:04:05,066 DEBUG [backend.app.services.bambu_mqtt] [-] [[SERIAL]] Chamber heating calculated: target=0.0, current=39.0, heating=False, respect_local=False
2026-05-10 13:04:05,078 DEBUG [backend.app.services.bambu_mqtt] [-] [[SERIAL]] Chamber temp updated to: 39.0, target: 0.0, heating: False
2026-05-10 13:04:05,079 DEBUG [backend.app.services.bambu_mqtt] [-] [[SERIAL]] HMS data received: [{'attr': 83887616, 'code': 131184, 'ts_boot': 24252, 'ts_unix': '20260510133511'}]
2026-05-10 13:04:05,094 DEBUG [backend.app.services.bambu_mqtt] [-] [[SERIAL]] ipcam field: {'agora_service': 'disable', 'brtc_service': 'enable', 'bs_state': 0, 'cap_pic_enable': 'invalid', 'ipcam_dev': '1', 'ipcam_record': 'enable', 'laser_preview_res': 7, 'liveview_preview': True, 'mode_bits': 2, 'resolution': '1080p', 'rtsp_url': 'rtsps://[IP]:322/streaming/live/1', 'timelapse': 'disable', 'tl_external_free_kb': 22556480, 'tl_external_total_kb': 30310720, 'tl_internal_free_kb': 962560, 'tl_internal_total_kb': 962560, 'tl_store_hpd_type': 2, 'tl_store_path_type': 2, 'tutk_server': 'disable'}
2026-05-10 13:04:05,097 DEBUG [backend.app.services.bambu_ftp] [-] FTP connecting to [IP]:990 (timeout=30s, model=[PRINTER], prot_c=False)
2026-05-10 13:04:05,099 DEBUG [backend.app.services.bambu_mqtt] [-] [[SERIAL]] wifi_signal received: -56dBm
2026-05-10 13:04:05,109 DEBUG [backend.app.services.bambu_mqtt] [-] [[SERIAL]] lights_report: [{'mode': 'on', 'node': 'chamber_light'}, {'mode': 'flashing', 'node': 'work_light'}]
2026-05-10 13:04:05,114 DEBUG [backend.app.services.bambu_mqtt] [-] [[SERIAL]] MQTT mapping field: [65024]
2026-05-10 13:04:05,119 DEBUG [backend.app.services.bambu_mqtt] [-] [[SERIAL]] gcode_state: RUNNING -> RUNNING, file: /data/Metadata/plate_23.gcode, subtask: 微动高扭
2026-05-10 13:04:05,938 DEBUG [backend.app.api.routes.printers] [24ad8792] API returning ams_mapping: [], ams_extruder_map: {}
2026-05-10 13:04:05,939 DEBUG [backend.app.api.routes.printers] [24ad8792] Using tray_now directly as global ID: 254
2026-05-10 13:04:06,269 DEBUG [backend.app.services.bambu_mqtt] [-] [[SERIAL]] Found xcam inside print data: {'allow_skip_parts': False, 'buildplate_marker_detector': True, 'cfg': 8089015, 'first_layer_inspector': True, 'halt_print_sensitivity': 'medium', 'print_halt': True, 'printing_monitor': True, 'spaghetti_detector': True}
2026-05-10 13:04:06,270 DEBUG [backend.app.services.bambu_mqtt] [-] [[SERIAL]] Parsing xcam data - all fields: ['allow_skip_parts', 'buildplate_marker_detector', 'cfg', 'first_layer_inspector', 'halt_print_sensitivity', 'print_halt', 'printing_monitor', 'spaghetti_detector']
2026-05-10 13:04:06,271 DEBUG [backend.app.services.bambu_mqtt] [-] [[SERIAL]] xcam cfg bitmask: 8089015 (binary: 0b11110110110110110110111)
2026-05-10 13:04:06,273 DEBUG [backend.app.services.bambu_mqtt] [-] [[SERIAL]] Received gcode_state: RUNNING, gcode_file: /data/Metadata/plate_23.gcode, subtask_name: 微动高扭
2026-05-10 13:04:06,273 DEBUG [backend.app.services.bambu_mqtt] [-] [[SERIAL]] AMS dict fields: {'ams_exist_bits': '0', 'ams_exist_bits_raw': '0', 'cali_id': 255, 'cali_stat': 0, 'cfs': [2, 9, 5, 6, 7], 'insert_flag': True, 'power_on_flag': False, 'tray_exist_bits': '0', 'tray_hall_out_bits': '0', 'tray_is_bbl_bits': '0', 'tray_now': '0', 'tray_pre': '0', 'tray_read_done_bits': '0', 'tray_reading_bits': '0', 'tray_tar': '0', 'unbind_ams_stat': 0, 'version': 33}
2026-05-10 13:04:06,275 DEBUG [backend.app.services.bambu_mqtt] [-] [[SERIAL]] H2D tray_now: ams.tray_now slot 0 != snow slot -1, using snow value 254
2026-05-10 13:04:06,276 DEBUG [backend.app.services.bambu_mqtt] [-] [[SERIAL]] tray_now updated: 254
2026-05-10 13:04:06,277 DEBUG [backend.app.services.bambu_mqtt] [-] [[SERIAL]] Merged AMS data: 0 new units, 0 total
2026-05-10 13:04:06,277 DEBUG [backend.app.services.bambu_mqtt] [-] [[SERIAL]] ams_status: 768 (main=3, sub=0)
2026-05-10 13:04:06,277 DEBUG [backend.app.services.bambu_mqtt] [-] [[SERIAL]] Received command response: push_status
2026-05-10 13:04:06,278 DEBUG [backend.app.services.bambu_mqtt] [-] [[SERIAL]] device.extruder.state=33042 (switch_state bits 12-14: 0)
2026-05-10 13:04:06,278 DEBUG [backend.app.services.bambu_mqtt] [-] [[SERIAL]] info.temp direct: 39°C (heater OFF)
2026-05-10 13:04:06,279 DEBUG [backend.app.services.bambu_mqtt] [-] [[SERIAL]] ctc_info keys: ['temp']
2026-05-10 13:04:06,279 DEBUG [backend.app.services.bambu_mqtt] [-] [[SERIAL]] Chamber heating calculated: target=0.0, current=39.0, heating=False, respect_local=False
2026-05-10 13:04:06,280 DEBUG [backend.app.services.bambu_mqtt] [-] [[SERIAL]] Chamber temp updated to: 39.0, target: 0.0, heating: False
2026-05-10 13:04:06,280 DEBUG [backend.app.services.bambu_mqtt] [-] [[SERIAL]] HMS data received: [{'attr': 83887616, 'code': 131184, 'ts_boot': 24252, 'ts_unix': '20260510133511'}]
2026-05-10 13:04:06,281 DEBUG [backend.app.services.bambu_mqtt] [-] [[SERIAL]] ipcam field: {'agora_service': 'disable', 'brtc_service': 'enable', 'bs_state': 0, 'cap_pic_enable': 'invalid', 'ipcam_dev': '1', 'ipcam_record': 'enable', 'laser_preview_res': 7, 'liveview_preview': True, 'mode_bits': 2, 'resolution': '1080p', 'rtsp_url': 'rtsps://[IP]:322/streaming/live/1', 'timelapse': 'disable', 'tl_external_free_kb': 22556480, 'tl_external_total_kb': 30310720, 'tl_internal_free_kb': 962560, 'tl_internal_total_kb': 962560, 'tl_store_hpd_type': 2, 'tl_store_path_type': 2, 'tutk_server': 'disable'}
2026-05-10 13:04:06,281 DEBUG [backend.app.services.bambu_mqtt] [-] [[SERIAL]] wifi_signal received: -56dBm
2026-05-10 13:04:06,282 DEBUG [backend.app.services.bambu_mqtt] [-] [[SERIAL]] lights_report: [{'mode': 'on', 'node': 'chamber_light'}, {'mode': 'flashing', 'node': 'work_light'}]
2026-05-10 13:04:06,282 DEBUG [backend.app.services.bambu_mqtt] [-] [[SERIAL]] MQTT mapping field: [65024]
2026-05-10 13:04:06,283 DEBUG [backend.app.services.bambu_mqtt] [-] [[SERIAL]] gcode_state: RUNNING -> RUNNING, file: /data/Metadata/plate_23.gcode, subtask: 微动高扭
2026-05-10 13:04:06,850 DEBUG [backend.app.services.bambu_ftp] [-] FTP connected, logging in as bblp
2026-05-10 13:04:06,909 DEBUG [backend.app.services.bambu_ftp] [-] FTP logged in, setting prot_p (protected) and passive mode
2026-05-10 13:04:06,920 DEBUG [backend.app.services.bambu_mqtt] [-] [[SERIAL]] Received command response: push_status
2026-05-10 13:04:06,921 DEBUG [backend.app.services.bambu_mqtt] [-] [[SERIAL]] wifi_signal received: -48dBm
2026-05-10 13:04:06,933 DEBUG [backend.app.services.bambu_ftp] [-] FTP server welcome: 220 (vsFTPd 3.0.5)
2026-05-10 13:04:06,934 INFO [backend.app.services.bambu_ftp] [-] FTP connected successfully to [IP] (model=[PRINTER], prot_c=False)
2026-05-10 13:04:06,970 INFO [backend.app.services.bambu_ftp] [-] FTP download failed for /微动高扭.gcode.3mf: 550 Failed to open file. (not on printer)
2026-05-10 13:04:06,996 INFO [backend.app.services.bambu_ftp] [-] FTP download failed for /cache/微动高扭.gcode.3mf: 550 Failed to open file. (not on printer)
2026-05-10 13:04:07,012 INFO [backend.app.services.bambu_ftp] [-] FTP download failed for /model/微动高扭.gcode.3mf: 550 Failed to open file. (not on printer)
2026-05-10 13:04:07,030 INFO [backend.app.services.bambu_ftp] [-] FTP download failed for /data/微动高扭.gcode.3mf: 550 Failed to open file. (not on printer)
2026-05-10 13:04:07,056 INFO [backend.app.services.bambu_ftp] [-] FTP download failed for /微动高扭.3mf: 550 Failed to open file. (not on printer)
2026-05-10 13:04:07,076 INFO [backend.app.services.bambu_ftp] [-] FTP download failed for /cache/微动高扭.3mf: 550 Failed to open file. (not on printer)
2026-05-10 13:04:07,115 INFO [backend.app.services.bambu_ftp] [-] FTP download failed for /model/微动高扭.3mf: 550 Failed to open file. (not on printer)
2026-05-10 13:04:07,157 INFO [backend.app.services.bambu_ftp] [-] FTP download failed for /data/微动高扭.3mf: 550 Failed to open file. (not on printer)
2026-05-10 13:04:07,345 DEBUG [backend.app.services.bambu_mqtt] [-] [[SERIAL]] Found xcam inside print data: {'allow_skip_parts': False, 'buildplate_marker_detector': True, 'cfg': 8089015, 'first_layer_inspector': True, 'halt_print_sensitivity': 'medium', 'print_halt': True, 'printing_monitor': True, 'spaghetti_detector': True}
2026-05-10 13:04:07,346 DEBUG [backend.app.services.bambu_mqtt] [-] [[SERIAL]] Parsing xcam data - all fields: ['allow_skip_parts', 'buildplate_marker_detector', 'cfg', 'first_layer_inspector', 'halt_print_sensitivity', 'print_halt', 'printing_monitor', 'spaghetti_detector']
2026-05-10 13:04:07,347 DEBUG [backend.app.services.bambu_mqtt] [-] [[SERIAL]] xcam cfg bitmask: 8089015 (binary: 0b11110110110110110110111)
2026-05-10 13:04:07,348 DEBUG [backend.app.services.bambu_mqtt] [-] [[SERIAL]] Received gcode_state: RUNNING, gcode_file: /data/Metadata/plate_23.gcode, subtask_name: 微动高扭
2026-05-10 13:04:07,349 DEBUG [backend.app.services.bambu_mqtt] [-] [[SERIAL]] AMS dict fields: {'ams_exist_bits': '0', 'ams_exist_bits_raw': '0', 'cali_id': 255, 'cali_stat': 0, 'cfs': [2, 9, 5, 6, 7], 'insert_flag': True, 'power_on_flag': False, 'tray_exist_bits': '0', 'tray_hall_out_bits': '0', 'tray_is_bbl_bits': '0', 'tray_now': '0', 'tray_pre': '0', 'tray_read_done_bits': '0', 'tray_reading_bits': '0', 'tray_tar': '0', 'unbind_ams_stat': 0, 'version': 33}
2026-05-10 13:04:07,350 DEBUG [backend.app.services.bambu_mqtt] [-] [[SERIAL]] H2D tray_now: ams.tray_now slot 0 != snow slot -1, using snow value 254
2026-05-10 13:04:07,351 DEBUG [backend.app.services.bambu_mqtt] [-] [[SERIAL]] tray_now updated: 254
2026-05-10 13:04:07,353 DEBUG [backend.app.services.bambu_mqtt] [-] [[SERIAL]] Merged AMS data: 0 new units, 0 total
2026-05-10 13:04:07,354 DEBUG [backend.app.services.bambu_mqtt] [-] [[SERIAL]] ams_status: 768 (main=3, sub=0)
2026-05-10 13:04:07,355 DEBUG [backend.app.services.bambu_mqtt] [-] [[SERIAL]] Received command response: push_status
2026-05-10 13:04:07,356 DEBUG [backend.app.services.bambu_mqtt] [-] [[SERIAL]] device.extruder.state=33042 (switch_state bits 12-14: 0)
2026-05-10 13:04:07,357 DEBUG [backend.app.services.bambu_mqtt] [-] [[SERIAL]] info.temp direct: 39°C (heater OFF)
2026-05-10 13:04:07,359 DEBUG [backend.app.services.bambu_mqtt] [-] [[SERIAL]] ctc_info keys: ['temp']
2026-05-10 13:04:07,360 DEBUG [backend.app.services.bambu_mqtt] [-] [[SERIAL]] Chamber heating calculated: target=0.0, current=39.0, heating=False, respect_local=False
2026-05-10 13:04:07,362 DEBUG [backend.app.services.bambu_mqtt] [-] [[SERIAL]] Chamber temp updated to: 39.0, target: 0.0, heating: False
2026-05-10 13:04:07,363 DEBUG [backend.app.services.bambu_mqtt] [-] [[SERIAL]] HMS data received: [{'attr': 83887616, 'code': 131184, 'ts_boot': 24252, 'ts_unix': '20260510133511'}]
2026-05-10 13:04:07,365 DEBUG [backend.app.services.bambu_mqtt] [-] [[SERIAL]] ipcam field: {'agora_service': 'disable', 'brtc_service': 'enable', 'bs_state': 0, 'cap_pic_enable': 'invalid', 'ipcam_dev': '1', 'ipcam_record': 'enable', 'laser_preview_res': 7, 'liveview_preview': True, 'mode_bits': 2, 'resolution': '1080p', 'rtsp_url': 'rtsps://[IP]:322/streaming/live/1', 'timelapse': 'disable', 'tl_external_free_kb': 22555456, 'tl_external_total_kb': 30310720, 'tl_internal_free_kb': 962560, 'tl_internal_total_kb': 962560, 'tl_store_hpd_type': 2, 'tl_store_path_type': 2, 'tutk_server': 'disable'}
2026-05-10 13:04:07,366 DEBUG [backend.app.services.bambu_mqtt] [-] [[SERIAL]] wifi_signal received: -56dBm
2026-05-10 13:04:07,368 DEBUG [backend.app.services.bambu_mqtt] [-] [[SERIAL]] lights_report: [{'mode': 'on', 'node': 'chamber_light'}, {'mode': 'flashing', 'node': 'work_light'}]
2026-05-10 13:04:07,370 DEBUG [backend.app.services.bambu_mqtt] [-] [[SERIAL]] MQTT mapping field: [65024]
2026-05-10 13:04:07,371 DEBUG [backend.app.services.bambu_mqtt] [-] [[SERIAL]] gcode_state: RUNNING -> RUNNING, file: /data/Metadata/plate_23.gcode, subtask: 微动高扭
2026-05-10 13:04:08,536 DEBUG [backend.app.services.bambu_mqtt] [-] [[SERIAL]] Found xcam inside print data: {'allow_skip_parts': False, 'buildplate_marker_detector': True, 'cfg': 8089015, 'first_layer_inspector': True, 'halt_print_sensitivity': 'medium', 'print_halt': True, 'printing_monitor': True, 'spaghetti_detector': True}
2026-05-10 13:04:08,537 DEBUG [backend.app.services.bambu_mqtt] [-] [[SERIAL]] Parsing xcam data - all fields: ['allow_skip_parts', 'buildplate_marker_detector', 'cfg', 'first_layer_inspector', 'halt_print_sensitivity', 'print_halt', 'printing_monitor', 'spaghetti_detector']
2026-05-10 13:04:08,538 DEBUG [backend.app.services.bambu_mqtt] [-] [[SERIAL]] xcam cfg bitmask: 8089015 (binary: 0b11110110110110110110111)
2026-05-10 13:04:08,539 DEBUG [backend.app.services.bambu_mqtt] [-] [[SERIAL]] Received gcode_state: RUNNING, gcode_file: /data/Metadata/plate_23.gcode, subtask_name: 微动高扭
2026-05-10 13:04:08,540 DEBUG [backend.app.services.bambu_mqtt] [-] [[SERIAL]] AMS dict fields: {'ams_exist_bits': '0', 'ams_exist_bits_raw': '0', 'cali_id': 255, 'cali_stat': 0, 'cfs': [2, 9, 5, 6, 7], 'insert_flag': True, 'power_on_flag': False, 'tray_exist_bits': '0', 'tray_hall_out_bits': '0', 'tray_is_bbl_bits': '0', 'tray_now': '0', 'tray_pre': '0', 'tray_read_done_bits': '0', 'tray_reading_bits': '0', 'tray_tar': '0', 'unbind_ams_stat': 0, 'version': 33}
2026-05-10 13:04:08,541 DEBUG [backend.app.services.bambu_mqtt] [-] [[SERIAL]] H2D tray_now: ams.tray_now slot 0 != snow slot -1, using snow value 254
2026-05-10 13:04:08,542 DEBUG [backend.app.services.bambu_mqtt] [-] [[SERIAL]] tray_now updated: 254
2026-05-10 13:04:08,544 DEBUG [backend.app.services.bambu_mqtt] [-] [[SERIAL]] Merged AMS data: 0 new units, 0 total
2026-05-10 13:04:08,545 DEBUG [backend.app.services.bambu_mqtt] [-] [[SERIAL]] ams_status: 768 (main=3, sub=0)
2026-05-10 13:04:08,545 DEBUG [backend.app.services.bambu_mqtt] [-] [[SERIAL]] Received command response: push_status
2026-05-10 13:04:08,547 DEBUG [backend.app.services.bambu_mqtt] [-] [[SERIAL]] device.extruder.state=33042 (switch_state bits 12-14: 0)
2026-05-10 13:04:08,548 DEBUG [backend.app.services.bambu_mqtt] [-] [[SERIAL]] info.temp direct: 39°C (heater OFF)
2026-05-10 13:04:08,550 DEBUG [backend.app.services.bambu_mqtt] [-] [[SERIAL]] ctc_info keys: ['temp']
2026-05-10 13:04:08,551 DEBUG [backend.app.services.bambu_mqtt] [-] [[SERIAL]] Chamber heating calculated: target=0.0, current=39.0, heating=False, respect_local=False
2026-05-10 13:04:08,553 DEBUG [backend.app.services.bambu_mqtt] [-] [[SERIAL]] Chamber temp updated to: 39.0, target: 0.0, heating: False
2026-05-10 13:04:08,554 DEBUG [backend.app.services.bambu_mqtt] [-] [[SERIAL]] HMS data received: [{'attr': 83887616, 'code': 131184, 'ts_boot': 24252, 'ts_unix': '20260510133511'}]
2026-05-10 13:04:08,556 DEBUG [backend.app.services.bambu_mqtt] [-] [[SERIAL]] ipcam field: {'agora_service': 'disable', 'brtc_service': 'enable', 'bs_state': 0, 'cap_pic_enable': 'invalid', 'ipcam_dev': '1', 'ipcam_record': 'enable', 'laser_preview_res': 7, 'liveview_preview': True, 'mode_bits': 2, 'resolution': '1080p', 'rtsp_url': 'rtsps://[IP]:322/streaming/live/1', 'timelapse': 'disable', 'tl_external_free_kb': 22555456, 'tl_external_total_kb': 30310720, 'tl_internal_free_kb': 962560, 'tl_internal_total_kb': 962560, 'tl_store_hpd_type': 2, 'tl_store_path_type': 2, 'tutk_server': 'disable'}
2026-05-10 13:04:08,557 DEBUG [backend.app.services.bambu_mqtt] [-] [[SERIAL]] wifi_signal received: -56dBm
2026-05-10 13:04:08,559 DEBUG [backend.app.services.bambu_mqtt] [-] [[SERIAL]] lights_report: [{'mode': 'on', 'node': 'chamber_light'}, {'mode': 'flashing', 'node': 'work_light'}]
2026-05-10 13:04:08,561 DEBUG [backend.app.services.bambu_mqtt] [-] [[SERIAL]] MQTT mapping field: [65024]
2026-05-10 13:04:08,562 DEBUG [backend.app.services.bambu_mqtt] [-] [[SERIAL]] gcode_state: RUNNING -> RUNNING, file: /data/Metadata/plate_23.gcode, subtask: 微动高扭
2026-05-10 13:04:08,967 DEBUG [backend.app.services.bambu_mqtt] [-] [[SERIAL]] Received command response: push_status
2026-05-10 13:04:09,582 DEBUG [backend.app.services.bambu_mqtt] [-] [[SERIAL]] Found xcam inside print data: {'allow_skip_parts': False, 'buildplate_marker_detector': True, 'cfg': 8089015, 'first_layer_inspector': True, 'halt_print_sensitivity': 'medium', 'print_halt': True, 'printing_monitor': True, 'spaghetti_detector': True}
2026-05-10 13:04:09,584 DEBUG [backend.app.services.bambu_mqtt] [-] [[SERIAL]] Parsing xcam data - all fields: ['allow_skip_parts', 'buildplate_marker_detector', 'cfg', 'first_layer_inspector', 'halt_print_sensitivity', 'print_halt', 'printing_monitor', 'spaghetti_detector']
2026-05-10 13:04:09,585 DEBUG [backend.app.services.bambu_mqtt] [-] [[SERIAL]] xcam cfg bitmask: 8089015 (binary: 0b11110110110110110110111)
2026-05-10 13:04:09,586 DEBUG [backend.app.services.bambu_mqtt] [-] [[SERIAL]] Received gcode_state: RUNNING, gcode_file: /data/Metadata/plate_23.gcode, subtask_name: 微动高扭
2026-05-10 13:04:09,586 DEBUG [backend.app.services.bambu_mqtt] [-] [[SERIAL]] AMS dict fields: {'ams_exist_bits': '0', 'ams_exist_bits_raw': '0', 'cali_id': 255, 'cali_stat': 0, 'cfs': [2, 9, 5, 6, 7], 'insert_flag': True, 'power_on_flag': False, 'tray_exist_bits': '0', 'tray_hall_out_bits': '0', 'tray_is_bbl_bits': '0', 'tray_now': '0', 'tray_pre': '0', 'tray_read_done_bits': '0', 'tray_reading_bits': '0', 'tray_tar': '0', 'unbind_ams_stat': 0, 'version': 33}
2026-05-10 13:04:09,587 DEBUG [backend.app.services.bambu_mqtt] [-] [[SERIAL]] H2D tray_now: ams.tray_now slot 0 != snow slot -1, using snow value 254
2026-05-10 13:04:09,587 DEBUG [backend.app.services.bambu_mqtt] [-] [[SERIAL]] tray_now updated: 254
2026-05-10 13:04:09,587 DEBUG [backend.app.services.bambu_mqtt] [-] [[SERIAL]] Merged AMS data: 0 new units, 0 total
2026-05-10 13:04:09,588 DEBUG [backend.app.services.bambu_mqtt] [-] [[SERIAL]] ams_status: 768 (main=3, sub=0)
2026-05-10 13:04:09,588 DEBUG [backend.app.services.bambu_mqtt] [-] [[SERIAL]] Received command response: push_status
2026-05-10 13:04:09,589 DEBUG [backend.app.services.bambu_mqtt] [-] [[SERIAL]] device.extruder.state=33042 (switch_state bits 12-14: 0)
2026-05-10 13:04:09,589 DEBUG [backend.app.services.bambu_mqtt] [-] [[SERIAL]] info.temp direct: 39°C (heater OFF)
2026-05-10 13:04:09,590 DEBUG [backend.app.services.bambu_mqtt] [-] [[SERIAL]] ctc_info keys: ['temp']
2026-05-10 13:04:09,590 DEBUG [backend.app.services.bambu_mqtt] [-] [[SERIAL]] Chamber heating calculated: target=0.0, current=39.0, heating=False, respect_local=False
2026-05-10 13:04:09,591 DEBUG [backend.app.services.bambu_mqtt] [-] [[SERIAL]] Chamber temp updated to: 39.0, target: 0.0, heating: False
2026-05-10 13:04:09,592 DEBUG [backend.app.services.bambu_mqtt] [-] [[SERIAL]] HMS data received: [{'attr': 83887616, 'code': 131184, 'ts_boot': 24252, 'ts_unix': '20260510133511'}]
2026-05-10 13:04:09,592 DEBUG [backend.app.services.bambu_mqtt] [-] [[SERIAL]] ipcam field: {'agora_service': 'disable', 'brtc_service': 'enable', 'bs_state': 0, 'cap_pic_enable': 'invalid', 'ipcam_dev': '1', 'ipcam_record': 'enable', 'laser_preview_res': 7, 'liveview_preview': True, 'mode_bits': 2, 'resolution': '1080p', 'rtsp_url': 'rtsps://[IP]:322/streaming/live/1', 'timelapse': 'disable', 'tl_external_free_kb': 22554432, 'tl_external_total_kb': 30310720, 'tl_internal_free_kb': 962560, 'tl_internal_total_kb': 962560, 'tl_store_hpd_type': 2, 'tl_store_path_type': 2, 'tutk_server': 'disable'}
2026-05-10 13:04:09,593 DEBUG [backend.app.services.bambu_mqtt] [-] [[SERIAL]] wifi_signal received: -56dBm
2026-05-10 13:04:09,593 DEBUG [backend.app.services.bambu_mqtt] [-] [[SERIAL]] lights_report: [{'mode': 'on', 'node': 'chamber_light'}, {'mode': 'flashing', 'node': 'work_light'}]
2026-05-10 13:04:09,594 DEBUG [backend.app.services.bambu_mqtt] [-] [[SERIAL]] MQTT mapping field: [65024]
2026-05-10 13:04:09,595 DEBUG [backend.app.services.bambu_mqtt] [-] [[SERIAL]] gcode_state: RUNNING -> RUNNING, file: /data/Metadata/plate_23.gcode, subtask: 微动高扭